2024-01-26 11:18:30,284:INFO: SEED: 2023
2024-01-26 11:18:30,284:INFO: DEVICE: cuda
2024-01-26 11:18:30,284:INFO: GPU_ID: 0
2024-01-26 11:18:30,284:INFO: TRANSFORM: Compose(
    ToTensor()
    Normalize(mean=[0.5, 0.5, 0.5], std=[0.5, 0.5, 0.5])
)
2024-01-26 11:18:30,284:INFO: MODEL_TYPE: PFLD_GhostNet
2024-01-26 11:18:30,284:INFO: INPUT_SIZE: [112, 112]
2024-01-26 11:18:30,284:INFO: WIDTH_FACTOR: 1
2024-01-26 11:18:30,284:INFO: LANDMARK_NUMBER: 98
2024-01-26 11:18:30,284:INFO: TRAIN_BATCH_SIZE: 32
2024-01-26 11:18:30,284:INFO: VAL_BATCH_SIZE: 8
2024-01-26 11:18:30,284:INFO: TRAIN_DATA_PATH: ./data/test_data_repeat80/list.txt
2024-01-26 11:18:30,284:INFO: VAL_DATA_PATH: ./data/train_data_repeat80/list.txt
2024-01-26 11:18:30,284:INFO: EPOCHES: 80
2024-01-26 11:18:30,284:INFO: LR: 0.0001
2024-01-26 11:18:30,284:INFO: WEIGHT_DECAY: 1e-06
2024-01-26 11:18:30,284:INFO: NUM_WORKERS: 8
2024-01-26 11:18:30,284:INFO: MILESTONES: [55, 65, 75]
2024-01-26 11:18:30,284:INFO: RESUME: False
2024-01-26 11:18:30,284:INFO: MODEL_PATH: ./checkpoint/models/PFLD_GhostNet_1_112_2024-01-26-11-18/
2024-01-26 11:18:30,284:INFO: LOG_PATH: ./checkpoint/log/PFLD_GhostNet_1_112_2024-01-26-11-18/
2024-01-26 11:18:30,284:INFO: LOGGER_PATH: ./checkpoint/models/PFLD_GhostNet_1_112_2024-01-26-11-18/train.log
2024-01-26 11:18:30,284:INFO: 

2024-01-26 11:18:30,288:WARNING: =======>>>>>>> Loading Training and Validation Data
2024-01-26 11:18:31,187:WARNING: =======>>>>>>> PFLD_GhostNet Model Generated
2024-01-26 11:18:31,187:WARNING: =======>>>>>>> Loss Function Generated
2024-01-26 11:18:31,187:WARNING: =======>>>>>>> Optimizer Generated
2024-01-26 11:18:31,187:WARNING: =======>>>>>>> Scheduler Generated

2024-01-26 11:20:09,347:INFO: Save best model
2024-01-26 11:20:09,367:INFO: Train_Loss: 210.38983154296875
2024-01-26 11:20:09,367:INFO: Val_Loss: 118.97802734375
2024-01-26 11:20:09,367:INFO: Val_NME: 0.4286312109963219

2024-01-26 11:21:44,647:INFO: Save best model
2024-01-26 11:21:44,667:INFO: Train_Loss: 95.85906219482422
2024-01-26 11:21:44,667:INFO: Val_Loss: 102.25302124023438
2024-01-26 11:21:44,667:INFO: Val_NME: 0.36555441059209165

2024-01-26 11:23:18,442:INFO: Save best model
2024-01-26 11:23:18,461:INFO: Train_Loss: 80.01313018798828
2024-01-26 11:23:18,462:INFO: Val_Loss: 94.72183990478516
2024-01-26 11:23:18,462:INFO: Val_NME: 0.33737797474138587

2024-01-26 11:24:54,549:INFO: Save best model
2024-01-26 11:24:54,569:INFO: Train_Loss: 69.91999816894531
2024-01-26 11:24:54,569:INFO: Val_Loss: 88.40472412109375
2024-01-26 11:24:54,569:INFO: Val_NME: 0.3140930174155511

2024-01-26 11:26:30,742:INFO: Save best model
2024-01-26 11:26:30,762:INFO: Train_Loss: 63.09027099609375
2024-01-26 11:26:30,762:INFO: Val_Loss: 85.1357421875
2024-01-26 11:26:30,762:INFO: Val_NME: 0.3023046320454934

2024-01-26 11:28:04,262:INFO: Save best model
2024-01-26 11:28:04,282:INFO: Train_Loss: 58.09595489501953
2024-01-26 11:28:04,282:INFO: Val_Loss: 81.9493408203125
2024-01-26 11:28:04,282:INFO: Val_NME: 0.2908864937765486

2024-01-26 11:29:38,882:INFO: Save best model
2024-01-26 11:29:38,902:INFO: Train_Loss: 53.90749740600586
2024-01-26 11:29:38,902:INFO: Val_Loss: 79.62950134277344
2024-01-26 11:29:38,902:INFO: Val_NME: 0.28238843493226345

2024-01-26 11:31:13,482:INFO: Save best model
2024-01-26 11:31:13,502:INFO: Train_Loss: 50.39570999145508
2024-01-26 11:31:13,502:INFO: Val_Loss: 76.74349975585938
2024-01-26 11:31:13,502:INFO: Val_NME: 0.27260862290642773

2024-01-26 11:32:49,652:INFO: Save best model
2024-01-26 11:32:49,672:INFO: Train_Loss: 47.469303131103516
2024-01-26 11:32:49,672:INFO: Val_Loss: 74.71757507324219
2024-01-26 11:32:49,672:INFO: Val_NME: 0.26513188662459053

2024-01-26 11:34:25,624:INFO: Save best model
2024-01-26 11:34:25,647:INFO: Train_Loss: 44.7451057434082
2024-01-26 11:34:25,647:INFO: Val_Loss: 73.27577209472656
2024-01-26 11:34:25,647:INFO: Val_NME: 0.25948541151644894

2024-01-26 11:36:02,702:INFO: Save best model
2024-01-26 11:36:02,722:INFO: Train_Loss: 42.29875946044922
2024-01-26 11:36:02,722:INFO: Val_Loss: 71.20075225830078
2024-01-26 11:36:02,722:INFO: Val_NME: 0.25247860356797003

2024-01-26 11:37:39,182:INFO: Save best model
2024-01-26 11:37:39,207:INFO: Train_Loss: 40.27985763549805
2024-01-26 11:37:39,207:INFO: Val_Loss: 69.18046569824219
2024-01-26 11:37:39,207:INFO: Val_NME: 0.24524854517241257

2024-01-26 11:39:15,269:INFO: Save best model
2024-01-26 11:39:15,289:INFO: Train_Loss: 38.26026153564453
2024-01-26 11:39:15,289:INFO: Val_Loss: 68.90238952636719
2024-01-26 11:39:15,289:INFO: Val_NME: 0.2442953523022158

2024-01-26 11:40:50,842:INFO: Save best model
2024-01-26 11:40:50,916:INFO: Train_Loss: 36.98851013183594
2024-01-26 11:40:50,916:INFO: Val_Loss: 67.57981872558594
2024-01-26 11:40:50,916:INFO: Val_NME: 0.2394080900029189

2024-01-26 11:42:27,574:INFO: Save best model
2024-01-26 11:42:27,592:INFO: Train_Loss: 35.320980072021484
2024-01-26 11:42:27,592:INFO: Val_Loss: 67.55799865722656
2024-01-26 11:42:27,592:INFO: Val_NME: 0.23921075272694925

2024-01-26 11:44:04,794:INFO: Save best model
2024-01-26 11:44:04,812:INFO: Train_Loss: 35.08174133300781
2024-01-26 11:44:04,812:INFO: Val_Loss: 65.78516387939453
2024-01-26 11:44:04,812:INFO: Val_NME: 0.2331001823281716

2024-01-26 11:45:41,252:INFO: Save best model
2024-01-26 11:45:41,272:INFO: Train_Loss: 33.30497360229492
2024-01-26 11:45:41,272:INFO: Val_Loss: 65.01258850097656
2024-01-26 11:45:41,272:INFO: Val_NME: 0.23071913259516338

2024-01-26 11:47:16,632:INFO: Save best model
2024-01-26 11:47:16,652:INFO: Train_Loss: 32.610111236572266
2024-01-26 11:47:16,652:INFO: Val_Loss: 64.68540954589844
2024-01-26 11:47:16,652:INFO: Val_NME: 0.22901835657284528

2024-01-26 11:48:51,952:INFO: Train_Loss: 31.387340545654297
2024-01-26 11:48:51,952:INFO: Val_Loss: 64.94564819335938
2024-01-26 11:48:51,952:INFO: Val_NME: 0.2300791490408274

2024-01-26 11:50:26,472:INFO: Save best model
2024-01-26 11:50:26,492:INFO: Train_Loss: 30.45821189880371
2024-01-26 11:50:26,492:INFO: Val_Loss: 63.5341682434082
2024-01-26 11:50:26,492:INFO: Val_NME: 0.22544043116434637

2024-01-26 11:52:01,572:INFO: Train_Loss: 29.675443649291992
2024-01-26 11:52:01,572:INFO: Val_Loss: 63.839881896972656
2024-01-26 11:52:01,572:INFO: Val_NME: 0.22581055613885023

2024-01-26 11:53:36,682:INFO: Save best model
2024-01-26 11:53:36,702:INFO: Train_Loss: 29.69597625732422
2024-01-26 11:53:36,702:INFO: Val_Loss: 63.66322708129883
2024-01-26 11:53:36,702:INFO: Val_NME: 0.22543971471468283

2024-01-26 11:55:12,682:INFO: Save best model
2024-01-26 11:55:12,702:INFO: Train_Loss: 28.40005111694336
2024-01-26 11:55:12,702:INFO: Val_Loss: 62.54239273071289
2024-01-26 11:55:12,702:INFO: Val_NME: 0.22168494745063072

2024-01-26 11:56:47,712:INFO: Save best model
2024-01-26 11:56:47,732:INFO: Train_Loss: 27.73698616027832
2024-01-26 11:56:47,732:INFO: Val_Loss: 61.61568832397461
2024-01-26 11:56:47,732:INFO: Val_NME: 0.21856410701137352

2024-01-26 11:58:22,162:INFO: Train_Loss: 27.45087432861328
2024-01-26 11:58:22,162:INFO: Val_Loss: 61.816104888916016
2024-01-26 11:58:22,162:INFO: Val_NME: 0.21888833236884564

2024-01-26 11:59:57,752:INFO: Train_Loss: 26.893529891967773
2024-01-26 11:59:57,752:INFO: Val_Loss: 62.22983169555664
2024-01-26 11:59:57,752:INFO: Val_NME: 0.2201233889833768

2024-01-26 12:01:32,237:INFO: Save best model
2024-01-26 12:01:32,252:INFO: Train_Loss: 26.487382888793945
2024-01-26 12:01:32,252:INFO: Val_Loss: 61.22544479370117
2024-01-26 12:01:32,257:INFO: Val_NME: 0.2168825123670338

2024-01-26 12:03:07,912:INFO: Train_Loss: 25.607473373413086
2024-01-26 12:03:07,912:INFO: Val_Loss: 61.642112731933594
2024-01-26 12:03:07,912:INFO: Val_NME: 0.21798032851703336

2024-01-26 12:04:42,922:INFO: Save best model
2024-01-26 12:04:42,932:INFO: Train_Loss: 25.347896575927734
2024-01-26 12:04:42,932:INFO: Val_Loss: 60.411041259765625
2024-01-26 12:04:42,932:INFO: Val_NME: 0.2141561466826921

2024-01-26 12:06:17,405:INFO: Save best model
2024-01-26 12:06:17,427:INFO: Train_Loss: 24.468231201171875
2024-01-26 12:06:17,427:INFO: Val_Loss: 60.2726936340332
2024-01-26 12:06:17,427:INFO: Val_NME: 0.21334719637786978

2024-01-26 12:07:52,252:INFO: Save best model
2024-01-26 12:07:52,272:INFO: Train_Loss: 23.901775360107422
2024-01-26 12:07:52,272:INFO: Val_Loss: 60.013580322265625
2024-01-26 12:07:52,272:INFO: Val_NME: 0.2123721650121054

2024-01-26 12:09:27,602:INFO: Save best model
2024-01-26 12:09:27,622:INFO: Train_Loss: 23.89507293701172
2024-01-26 12:09:27,622:INFO: Val_Loss: 59.601951599121094
2024-01-26 12:09:27,622:INFO: Val_NME: 0.21106753678482565

2024-01-26 12:11:01,642:INFO: Train_Loss: 24.112688064575195
2024-01-26 12:11:01,642:INFO: Val_Loss: 59.672821044921875
2024-01-26 12:11:01,642:INFO: Val_NME: 0.21119591547304617

2024-01-26 12:12:35,802:INFO: Train_Loss: 23.197994232177734
2024-01-26 12:12:35,812:INFO: Val_Loss: 60.49589157104492
2024-01-26 12:12:35,812:INFO: Val_NME: 0.2140364931985578

2024-01-26 12:14:09,912:INFO: Train_Loss: 23.042369842529297
2024-01-26 12:14:09,912:INFO: Val_Loss: 59.741920471191406
2024-01-26 12:14:09,912:INFO: Val_NME: 0.21138507088248648

2024-01-26 12:15:44,252:INFO: Save best model
2024-01-26 12:15:44,267:INFO: Train_Loss: 22.33847999572754
2024-01-26 12:15:44,267:INFO: Val_Loss: 59.58055877685547
2024-01-26 12:15:44,267:INFO: Val_NME: 0.2105788365797427

2024-01-26 12:17:18,776:INFO: Save best model
2024-01-26 12:17:18,796:INFO: Train_Loss: 22.23794174194336
2024-01-26 12:17:18,796:INFO: Val_Loss: 58.60698699951172
2024-01-26 12:17:18,796:INFO: Val_NME: 0.2076801391332213

2024-01-26 12:18:53,553:INFO: Train_Loss: 22.24112319946289
2024-01-26 12:18:53,553:INFO: Val_Loss: 59.59382629394531
2024-01-26 12:18:53,553:INFO: Val_NME: 0.21071906030247614

2024-01-26 12:20:28,408:INFO: Train_Loss: 21.780475616455078
2024-01-26 12:20:28,408:INFO: Val_Loss: 59.88047409057617
2024-01-26 12:20:28,408:INFO: Val_NME: 0.2113840712790246

2024-01-26 12:22:04,032:INFO: Save best model
2024-01-26 12:22:04,049:INFO: Train_Loss: 21.26066780090332
2024-01-26 12:22:04,049:INFO: Val_Loss: 58.25446701049805
2024-01-26 12:22:04,049:INFO: Val_NME: 0.20633967150715593

2024-01-26 12:23:38,222:INFO: Train_Loss: 21.5460205078125
2024-01-26 12:23:38,222:INFO: Val_Loss: 58.38837432861328
2024-01-26 12:23:38,222:INFO: Val_NME: 0.20694891064339838

2024-01-26 12:25:13,332:INFO: Save best model
2024-01-26 12:25:13,351:INFO: Train_Loss: 20.854440689086914
2024-01-26 12:25:13,351:INFO: Val_Loss: 58.18506622314453
2024-01-26 12:25:13,351:INFO: Val_NME: 0.20601607630126095

2024-01-26 12:26:48,439:INFO: Train_Loss: 20.266019821166992
2024-01-26 12:26:48,439:INFO: Val_Loss: 58.51917266845703
2024-01-26 12:26:48,439:INFO: Val_NME: 0.20712491268048377

2024-01-26 12:28:23,054:INFO: Save best model
2024-01-26 12:28:23,078:INFO: Train_Loss: 20.849637985229492
2024-01-26 12:28:23,078:INFO: Val_Loss: 58.00699996948242
2024-01-26 12:28:23,078:INFO: Val_NME: 0.20530955930503098

2024-01-26 12:29:57,681:INFO: Save best model
2024-01-26 12:29:57,697:INFO: Train_Loss: 20.73981475830078
2024-01-26 12:29:57,697:INFO: Val_Loss: 57.69559860229492
2024-01-26 12:29:57,697:INFO: Val_NME: 0.20443686431537

2024-01-26 12:31:32,418:INFO: Save best model
2024-01-26 12:31:32,437:INFO: Train_Loss: 20.308408737182617
2024-01-26 12:31:32,437:INFO: Val_Loss: 57.42799377441406
2024-01-26 12:31:32,437:INFO: Val_NME: 0.20355203044500503

2024-01-26 12:33:07,446:INFO: Train_Loss: 19.618131637573242
2024-01-26 12:33:07,446:INFO: Val_Loss: 58.49455261230469
2024-01-26 12:33:07,446:INFO: Val_NME: 0.20673829798321586

2024-01-26 12:34:42,093:INFO: Save best model
2024-01-26 12:34:42,110:INFO: Train_Loss: 19.652803421020508
2024-01-26 12:34:42,110:INFO: Val_Loss: 57.30624008178711
2024-01-26 12:34:42,112:INFO: Val_NME: 0.2028549688518698

2024-01-26 12:36:17,765:INFO: Train_Loss: 19.5469913482666
2024-01-26 12:36:17,765:INFO: Val_Loss: 57.56473159790039
2024-01-26 12:36:17,765:INFO: Val_NME: 0.20375652831980787

2024-01-26 12:37:51,964:INFO: Save best model
2024-01-26 12:37:51,984:INFO: Train_Loss: 19.40704345703125
2024-01-26 12:37:51,984:INFO: Val_Loss: 56.7115478515625
2024-01-26 12:37:51,984:INFO: Val_NME: 0.20078659490984277

2024-01-26 12:39:28,079:INFO: Train_Loss: 19.372451782226562
2024-01-26 12:39:28,079:INFO: Val_Loss: 56.768165588378906
2024-01-26 12:39:28,079:INFO: Val_NME: 0.20100016049967714

2024-01-26 12:41:03,759:INFO: Train_Loss: 18.792695999145508
2024-01-26 12:41:03,759:INFO: Val_Loss: 57.046260833740234
2024-01-26 12:41:03,759:INFO: Val_NME: 0.20198169350917225

2024-01-26 12:42:38,794:INFO: Train_Loss: 18.844511032104492
2024-01-26 12:42:38,794:INFO: Val_Loss: 57.233585357666016
2024-01-26 12:42:38,794:INFO: Val_NME: 0.20289069281665637

2024-01-26 12:44:12,738:INFO: Train_Loss: 18.564027786254883
2024-01-26 12:44:12,738:INFO: Val_Loss: 56.71311950683594
2024-01-26 12:44:12,738:INFO: Val_NME: 0.20090823561818683

2024-01-26 12:45:47,949:INFO: Save best model
2024-01-26 12:45:47,965:INFO: Train_Loss: 18.24740219116211
2024-01-26 12:45:47,970:INFO: Val_Loss: 56.40620040893555
2024-01-26 12:45:47,970:INFO: Val_NME: 0.19970801307464675

2024-01-26 12:47:22,052:INFO: Save best model
2024-01-26 12:47:22,068:INFO: Train_Loss: 16.70314598083496
2024-01-26 12:47:22,068:INFO: Val_Loss: 55.894954681396484
2024-01-26 12:47:22,068:INFO: Val_NME: 0.19790671454745812

2024-01-26 12:48:57,277:INFO: Save best model
2024-01-26 12:48:57,294:INFO: Train_Loss: 16.240942001342773
2024-01-26 12:48:57,294:INFO: Val_Loss: 55.62686538696289
2024-01-26 12:48:57,294:INFO: Val_NME: 0.1969942022254024

2024-01-26 12:50:32,617:INFO: Train_Loss: 16.319168090820312
2024-01-26 12:50:32,617:INFO: Val_Loss: 55.79967498779297
2024-01-26 12:50:32,617:INFO: Val_NME: 0.1976122566069339

2024-01-26 12:52:08,243:INFO: Train_Loss: 15.964487075805664
2024-01-26 12:52:08,243:INFO: Val_Loss: 55.67942810058594
2024-01-26 12:52:08,243:INFO: Val_NME: 0.1972752670936962

2024-01-26 12:53:43,864:INFO: Train_Loss: 16.023738861083984
2024-01-26 12:53:43,864:INFO: Val_Loss: 55.9700813293457
2024-01-26 12:53:43,864:INFO: Val_NME: 0.19808905940289404

2024-01-26 12:55:20,013:INFO: Train_Loss: 15.774758338928223
2024-01-26 12:55:20,013:INFO: Val_Loss: 55.682334899902344
2024-01-26 12:55:20,013:INFO: Val_NME: 0.19730294846961718

2024-01-26 12:56:56,099:INFO: Train_Loss: 15.701385498046875
2024-01-26 12:56:56,099:INFO: Val_Loss: 56.17030715942383
2024-01-26 12:56:56,099:INFO: Val_NME: 0.19887682693552847

2024-01-26 12:58:31,287:INFO: Train_Loss: 15.758586883544922
2024-01-26 12:58:31,287:INFO: Val_Loss: 55.99580764770508
2024-01-26 12:58:31,287:INFO: Val_NME: 0.1983042531869168

2024-01-26 13:00:06,835:INFO: Train_Loss: 15.622331619262695
2024-01-26 13:00:06,835:INFO: Val_Loss: 55.73939514160156
2024-01-26 13:00:06,835:INFO: Val_NME: 0.19754436608355658

2024-01-26 13:01:42,221:INFO: Train_Loss: 15.516833305358887
2024-01-26 13:01:42,221:INFO: Val_Loss: 55.77032470703125
2024-01-26 13:01:42,221:INFO: Val_NME: 0.1974845777335041

2024-01-26 13:03:18,551:INFO: Train_Loss: 15.730657577514648
2024-01-26 13:03:18,551:INFO: Val_Loss: 55.8029899597168
2024-01-26 13:03:18,551:INFO: Val_NME: 0.19766847044621258

2024-01-26 13:04:52,761:INFO: Train_Loss: 15.50615406036377
2024-01-26 13:04:52,761:INFO: Val_Loss: 55.80106735229492
2024-01-26 13:04:52,761:INFO: Val_NME: 0.1976362193007274

2024-01-26 13:06:28,006:INFO: Train_Loss: 15.366155624389648
2024-01-26 13:06:28,006:INFO: Val_Loss: 55.6270866394043
2024-01-26 13:06:28,006:INFO: Val_NME: 0.1970937704566118

2024-01-26 13:08:01,427:INFO: Train_Loss: 15.556319236755371
2024-01-26 13:08:01,427:INFO: Val_Loss: 55.792476654052734
2024-01-26 13:08:01,427:INFO: Val_NME: 0.1975887083887184

2024-01-26 13:09:35,751:INFO: Train_Loss: 15.29786205291748
2024-01-26 13:09:35,751:INFO: Val_Loss: 55.66979217529297
2024-01-26 13:09:35,751:INFO: Val_NME: 0.19714955974444828

2024-01-26 13:11:10,238:INFO: Train_Loss: 15.50040054321289
2024-01-26 13:11:10,238:INFO: Val_Loss: 55.676048278808594
2024-01-26 13:11:10,238:INFO: Val_NME: 0.19717103755617585

2024-01-26 13:12:44,951:INFO: Train_Loss: 15.269658088684082
2024-01-26 13:12:44,951:INFO: Val_Loss: 55.89803695678711
2024-01-26 13:12:44,951:INFO: Val_NME: 0.19796746413476352

2024-01-26 13:14:18,715:INFO: Train_Loss: 15.520306587219238
2024-01-26 13:14:18,715:INFO: Val_Loss: 55.853023529052734
2024-01-26 13:14:18,715:INFO: Val_NME: 0.19783577876028507

2024-01-26 13:15:53,251:INFO: Train_Loss: 15.421730995178223
2024-01-26 13:15:53,251:INFO: Val_Loss: 55.641815185546875
2024-01-26 13:15:53,251:INFO: Val_NME: 0.197053604933573

2024-01-26 13:17:27,521:INFO: Train_Loss: 15.624771118164062
2024-01-26 13:17:27,521:INFO: Val_Loss: 55.657073974609375
2024-01-26 13:17:27,521:INFO: Val_NME: 0.19713218866401702

2024-01-26 13:19:01,841:INFO: Train_Loss: 15.434425354003906
2024-01-26 13:19:01,843:INFO: Val_Loss: 55.790008544921875
2024-01-26 13:19:01,843:INFO: Val_NME: 0.1975920199039256

2024-01-26 13:20:37,523:INFO: Train_Loss: 15.529603004455566
2024-01-26 13:20:37,523:INFO: Val_Loss: 55.80305480957031
2024-01-26 13:20:37,523:INFO: Val_NME: 0.1976621293153829

2024-01-26 13:22:12,351:INFO: Train_Loss: 15.490374565124512
2024-01-26 13:22:12,351:INFO: Val_Loss: 55.83595657348633
2024-01-26 13:22:12,351:INFO: Val_NME: 0.19774860628768312

2024-01-26 13:23:46,772:INFO: Train_Loss: 15.44839859008789
2024-01-26 13:23:46,772:INFO: Val_Loss: 55.70082092285156
2024-01-26 13:23:46,772:INFO: Val_NME: 0.19730003919183395

2024-01-26 13:25:21,719:INFO: Train_Loss: 15.346572875976562
2024-01-26 13:25:21,719:INFO: Val_Loss: 55.663814544677734
2024-01-26 13:25:21,719:INFO: Val_NME: 0.1971314967520617

