2024-06-28 14:44:57,756:INFO: SEED: 2023
2024-06-28 14:44:57,756:INFO: DEVICE: cuda
2024-06-28 14:44:57,756:INFO: GPU_ID: 0
2024-06-28 14:44:57,756:INFO: TRANSFORM: Compose(
    ToTensor()
    Normalize(mean=[0.5, 0.5, 0.5], std=[0.5, 0.5, 0.5])
)
2024-06-28 14:44:57,756:INFO: MODEL_TYPE: PFLD
2024-06-28 14:44:57,756:INFO: INPUT_SIZE: [112, 112]
2024-06-28 14:44:57,756:INFO: WIDTH_FACTOR: 1
2024-06-28 14:44:57,756:INFO: LANDMARK_NUMBER: 98
2024-06-28 14:44:57,756:INFO: TRAIN_BATCH_SIZE: 32
2024-06-28 14:44:57,756:INFO: VAL_BATCH_SIZE: 8
2024-06-28 14:44:57,756:INFO: TRAIN_DATA_PATH: ./data/train_data_repeat80/list.txt
2024-06-28 14:44:57,756:INFO: VAL_DATA_PATH: ./data/test_data_repeat80/list.txt
2024-06-28 14:44:57,756:INFO: EPOCHES: 20
2024-06-28 14:44:57,766:INFO: LR: 0.0001
2024-06-28 14:44:57,766:INFO: WEIGHT_DECAY: 1e-06
2024-06-28 14:44:57,766:INFO: NUM_WORKERS: 8
2024-06-28 14:44:57,766:INFO: MILESTONES: [55, 65, 75]
2024-06-28 14:44:57,766:INFO: RESUME: False
2024-06-28 14:44:57,766:INFO: MODEL_PATH: ./checkpoint/TC/models/PFLD_1_112_2024-06-28-14-44/
2024-06-28 14:44:57,766:INFO: LOG_PATH: ./checkpoint/TC/log/PFLD_1_112_2024-06-28-14-44/
2024-06-28 14:44:57,766:INFO: LOGGER_PATH: ./checkpoint/TC/models/PFLD_1_112_2024-06-28-14-44/train.log
2024-06-28 14:44:57,766:INFO: 

2024-06-28 14:44:57,766:WARNING: =======>>>>>>> Loading Training and Validation Data
2024-06-28 14:44:58,786:WARNING: =======>>>>>>> PFLD Model Generated
2024-06-28 14:44:58,786:WARNING: =======>>>>>>> Loss Function Generated
2024-06-28 14:44:58,802:WARNING: =======>>>>>>> Optimizer Generated
2024-06-28 14:44:58,802:WARNING: =======>>>>>>> Scheduler Generated

2024-06-28 14:47:06,767:INFO: Save best model
2024-06-28 14:47:06,807:INFO: Train_Loss: 89.61653900146484
2024-06-28 14:47:06,807:INFO: Val_Loss: 44.217098236083984
2024-06-28 14:47:06,807:INFO: Val_NME: 0.17221723678471418

2024-06-28 14:49:23,268:INFO: Save best model
2024-06-28 14:49:23,282:INFO: Train_Loss: 39.82407760620117
2024-06-28 14:49:23,282:INFO: Val_Loss: 31.62407112121582
2024-06-28 14:49:23,282:INFO: Val_NME: 0.12243049720378277

2024-06-28 14:51:36,980:INFO: Save best model
2024-06-28 14:51:37,012:INFO: Train_Loss: 28.765878677368164
2024-06-28 14:51:37,012:INFO: Val_Loss: 26.137523651123047
2024-06-28 14:51:37,012:INFO: Val_NME: 0.10107999106805772

2024-06-28 14:54:10,201:INFO: Save best model
2024-06-28 14:54:10,232:INFO: Train_Loss: 23.885791778564453
2024-06-28 14:54:10,232:INFO: Val_Loss: 25.207075119018555
2024-06-28 14:54:10,232:INFO: Val_NME: 0.09655075911736126

2024-06-28 14:56:08,631:INFO: Save best model
2024-06-28 14:56:08,647:INFO: Train_Loss: 21.464069366455078
2024-06-28 14:56:08,647:INFO: Val_Loss: 21.91900062561035
2024-06-28 14:56:08,647:INFO: Val_NME: 0.0838823990802245

2024-06-28 14:58:06,362:INFO: Save best model
2024-06-28 14:58:06,378:INFO: Train_Loss: 19.807607650756836
2024-06-28 14:58:06,378:INFO: Val_Loss: 20.984481811523438
2024-06-28 14:58:06,378:INFO: Val_NME: 0.08037912486383068

2024-06-28 15:00:06,195:INFO: Save best model
2024-06-28 15:00:06,215:INFO: Train_Loss: 18.617334365844727
2024-06-28 15:00:06,215:INFO: Val_Loss: 20.285552978515625
2024-06-28 15:00:06,215:INFO: Val_NME: 0.07754618698485229

2024-06-28 15:02:05,857:INFO: Save best model
2024-06-28 15:02:05,885:INFO: Train_Loss: 17.773277282714844
2024-06-28 15:02:05,885:INFO: Val_Loss: 19.676279067993164
2024-06-28 15:02:05,885:INFO: Val_NME: 0.07485931497030271

2024-06-28 15:04:05,684:INFO: Save best model
2024-06-28 15:04:05,716:INFO: Train_Loss: 17.091236114501953
2024-06-28 15:04:05,716:INFO: Val_Loss: 19.23048973083496
2024-06-28 15:04:05,716:INFO: Val_NME: 0.07364466801765482

2024-06-28 15:06:05,435:INFO: Save best model
2024-06-28 15:06:05,471:INFO: Train_Loss: 16.54705810546875
2024-06-28 15:06:05,471:INFO: Val_Loss: 19.239870071411133
2024-06-28 15:06:05,471:INFO: Val_NME: 0.07293252251889655

2024-06-28 15:08:05,510:INFO: Save best model
2024-06-28 15:08:05,530:INFO: Train_Loss: 16.117780685424805
2024-06-28 15:08:05,530:INFO: Val_Loss: 19.053476333618164
2024-06-28 15:08:05,530:INFO: Val_NME: 0.07238826560690147

2024-06-28 15:10:06,272:INFO: Save best model
2024-06-28 15:10:06,288:INFO: Train_Loss: 15.719037055969238
2024-06-28 15:10:06,288:INFO: Val_Loss: 18.310752868652344
2024-06-28 15:10:06,288:INFO: Val_NME: 0.0697278031010429

2024-06-28 15:12:06,532:INFO: Train_Loss: 15.39489459991455
2024-06-28 15:12:06,532:INFO: Val_Loss: 18.648725509643555
2024-06-28 15:12:06,532:INFO: Val_NME: 0.07078864419553932

2024-06-28 15:14:05,703:INFO: Save best model
2024-06-28 15:14:05,719:INFO: Train_Loss: 15.083230972290039
2024-06-28 15:14:05,719:INFO: Val_Loss: 18.02782440185547
2024-06-28 15:14:05,719:INFO: Val_NME: 0.06867709475933796

2024-06-28 15:16:05,117:INFO: Save best model
2024-06-28 15:16:05,149:INFO: Train_Loss: 14.843146324157715
2024-06-28 15:16:05,149:INFO: Val_Loss: 17.96891212463379
2024-06-28 15:16:05,149:INFO: Val_NME: 0.06836431081589496

2024-06-28 15:18:05,134:INFO: Save best model
2024-06-28 15:18:05,165:INFO: Train_Loss: 14.594136238098145
2024-06-28 15:18:05,165:INFO: Val_Loss: 17.616939544677734
2024-06-28 15:18:05,165:INFO: Val_NME: 0.06686919322545824

2024-06-28 15:20:11,615:INFO: Train_Loss: 14.397134780883789
2024-06-28 15:20:11,615:INFO: Val_Loss: 17.91704559326172
2024-06-28 15:20:11,615:INFO: Val_NME: 0.06820247300161546

2024-06-28 15:22:09,519:INFO: Train_Loss: 14.206498146057129
2024-06-28 15:22:09,519:INFO: Val_Loss: 17.634384155273438
2024-06-28 15:22:09,519:INFO: Val_NME: 0.0669627997002642

2024-06-28 15:24:03,630:INFO: Train_Loss: 14.012757301330566
2024-06-28 15:24:03,630:INFO: Val_Loss: 17.795671463012695
2024-06-28 15:24:03,630:INFO: Val_NME: 0.06751252270648099

2024-06-28 15:25:58,093:INFO: Save best model
2024-06-28 15:25:58,112:INFO: Train_Loss: 13.856415748596191
2024-06-28 15:25:58,112:INFO: Val_Loss: 17.515565872192383
2024-06-28 15:25:58,112:INFO: Val_NME: 0.06652353141244949

