2024-01-08 15:51:35,126:INFO: SEED: 2023
2024-01-08 15:51:35,126:INFO: DEVICE: cuda
2024-01-08 15:51:35,126:INFO: GPU_ID: 0
2024-01-08 15:51:35,126:INFO: TRANSFORM: Compose(
    ToTensor()
    Normalize(mean=[0.5, 0.5, 0.5], std=[0.5, 0.5, 0.5])
)
2024-01-08 15:51:35,126:INFO: MODEL_TYPE: PFLD_GhostNet
2024-01-08 15:51:35,126:INFO: INPUT_SIZE: [112, 112]
2024-01-08 15:51:35,126:INFO: WIDTH_FACTOR: 1
2024-01-08 15:51:35,126:INFO: LANDMARK_NUMBER: 98
2024-01-08 15:51:35,126:INFO: TRAIN_BATCH_SIZE: 32
2024-01-08 15:51:35,126:INFO: VAL_BATCH_SIZE: 8
2024-01-08 15:51:35,126:INFO: TRAIN_DATA_PATH: ./data/min/train_data/list.txt
2024-01-08 15:51:35,126:INFO: VAL_DATA_PATH: ./data/min/test_data/list.txt
2024-01-08 15:51:35,126:INFO: EPOCHES: 80
2024-01-08 15:51:35,126:INFO: LR: 0.0001
2024-01-08 15:51:35,126:INFO: WEIGHT_DECAY: 1e-06
2024-01-08 15:51:35,126:INFO: NUM_WORKERS: 8
2024-01-08 15:51:35,126:INFO: MILESTONES: [55, 65, 75]
2024-01-08 15:51:35,126:INFO: RESUME: False
2024-01-08 15:51:35,126:INFO: MODEL_PATH: ./checkpoint/models/PFLD_GhostNet_1_112_2024-01-08-15-51/
2024-01-08 15:51:35,126:INFO: LOG_PATH: ./checkpoint/log/PFLD_GhostNet_1_112_2024-01-08-15-51/
2024-01-08 15:51:35,126:INFO: LOGGER_PATH: ./checkpoint/models/PFLD_GhostNet_1_112_2024-01-08-15-51/train.log
2024-01-08 15:51:35,126:INFO: 

2024-01-08 15:51:35,126:WARNING: =======>>>>>>> Loading Training and Validation Data
2024-01-08 15:51:35,234:WARNING: =======>>>>>>> PFLD_GhostNet Model Generated
2024-01-08 15:51:35,234:WARNING: =======>>>>>>> Loss Function Generated
2024-01-08 15:51:35,238:WARNING: =======>>>>>>> Optimizer Generated
2024-01-08 15:51:35,238:WARNING: =======>>>>>>> Scheduler Generated

2024-01-08 15:52:22,798:INFO: Save best model
2024-01-08 15:52:22,818:INFO: Train_Loss: 404.66729736328125
2024-01-08 15:52:22,818:INFO: Val_Loss: 385.9145812988281
2024-01-08 15:52:22,818:INFO: Val_NME: 1.405815163244482

2024-01-08 15:53:01,835:INFO: Save best model
2024-01-08 15:53:01,856:INFO: Train_Loss: 323.4855651855469
2024-01-08 15:53:01,856:INFO: Val_Loss: 315.6558532714844
2024-01-08 15:53:01,856:INFO: Val_NME: 1.1884737305730637

2024-01-08 15:53:39,258:INFO: Save best model
2024-01-08 15:53:39,279:INFO: Train_Loss: 244.5345001220703
2024-01-08 15:53:39,279:INFO: Val_Loss: 225.28048706054688
2024-01-08 15:53:39,279:INFO: Val_NME: 0.8558987233880441

2024-01-08 15:54:16,236:INFO: Save best model
2024-01-08 15:54:16,252:INFO: Train_Loss: 181.65866088867188
2024-01-08 15:54:16,252:INFO: Val_Loss: 159.48629760742188
2024-01-08 15:54:16,252:INFO: Val_NME: 0.593334028891478

