2024-01-26 17:31:21,732:INFO: SEED: 2023
2024-01-26 17:31:21,732:INFO: DEVICE: cuda
2024-01-26 17:31:21,732:INFO: GPU_ID: 0
2024-01-26 17:31:21,732:INFO: TRANSFORM: Compose(
    ToTensor()
    Normalize(mean=[0.5, 0.5, 0.5], std=[0.5, 0.5, 0.5])
)
2024-01-26 17:31:21,732:INFO: MODEL_TYPE: PFLD_GhostNet
2024-01-26 17:31:21,732:INFO: INPUT_SIZE: [112, 112]
2024-01-26 17:31:21,732:INFO: WIDTH_FACTOR: 1
2024-01-26 17:31:21,732:INFO: LANDMARK_NUMBER: 98
2024-01-26 17:31:21,732:INFO: TRAIN_BATCH_SIZE: 32
2024-01-26 17:31:21,732:INFO: VAL_BATCH_SIZE: 8
2024-01-26 17:31:21,733:INFO: TRAIN_DATA_PATH: ./data/test_data_repeat80/list.txt
2024-01-26 17:31:21,733:INFO: VAL_DATA_PATH: ./data/train_data_repeat80/list.txt
2024-01-26 17:31:21,733:INFO: EPOCHES: 200
2024-01-26 17:31:21,733:INFO: LR: 0.0001
2024-01-26 17:31:21,733:INFO: WEIGHT_DECAY: 1e-06
2024-01-26 17:31:21,733:INFO: NUM_WORKERS: 8
2024-01-26 17:31:21,733:INFO: MILESTONES: [55, 65, 75]
2024-01-26 17:31:21,733:INFO: RESUME: False
2024-01-26 17:31:21,733:INFO: MODEL_PATH: ./checkpoint/models/PFLD_GhostNet_1_112_2024-01-26-17-31/
2024-01-26 17:31:21,733:INFO: LOG_PATH: ./checkpoint/log/PFLD_GhostNet_1_112_2024-01-26-17-31/
2024-01-26 17:31:21,733:INFO: LOGGER_PATH: ./checkpoint/models/PFLD_GhostNet_1_112_2024-01-26-17-31/train.log
2024-01-26 17:31:21,733:INFO: 

2024-01-26 17:31:21,734:WARNING: =======>>>>>>> Loading Training and Validation Data
2024-01-26 17:31:22,680:WARNING: =======>>>>>>> PFLD_GhostNet Model Generated
2024-01-26 17:31:22,680:WARNING: =======>>>>>>> Loss Function Generated
2024-01-26 17:31:22,680:WARNING: =======>>>>>>> Optimizer Generated
2024-01-26 17:31:22,680:WARNING: =======>>>>>>> Scheduler Generated

2024-01-26 17:33:04,157:INFO: Save best model
2024-01-26 17:33:04,175:INFO: Train_Loss: 210.36021423339844
2024-01-26 17:33:04,175:INFO: Val_Loss: 119.0511474609375
2024-01-26 17:33:04,175:INFO: Val_NME: 0.42880247070737443

2024-01-26 17:34:39,535:INFO: Save best model
2024-01-26 17:34:39,554:INFO: Train_Loss: 95.85240173339844
2024-01-26 17:34:39,554:INFO: Val_Loss: 102.19095611572266
2024-01-26 17:34:39,554:INFO: Val_NME: 0.36525954909013025

2024-01-26 17:36:12,739:INFO: Save best model
2024-01-26 17:36:12,757:INFO: Train_Loss: 80.06069946289062
2024-01-26 17:36:12,758:INFO: Val_Loss: 94.76312255859375
2024-01-26 17:36:12,758:INFO: Val_NME: 0.3375276368786758

2024-01-26 17:37:47,688:INFO: Save best model
2024-01-26 17:37:47,713:INFO: Train_Loss: 69.95242309570312
2024-01-26 17:37:47,713:INFO: Val_Loss: 88.42500305175781
2024-01-26 17:37:47,713:INFO: Val_NME: 0.3143504466260791

2024-01-26 17:39:20,641:INFO: Save best model
2024-01-26 17:39:20,664:INFO: Train_Loss: 63.17269515991211
2024-01-26 17:39:20,665:INFO: Val_Loss: 85.41665649414062
2024-01-26 17:39:20,665:INFO: Val_NME: 0.3032015915864527

2024-01-26 17:40:53,229:INFO: Save best model
2024-01-26 17:40:53,250:INFO: Train_Loss: 58.20138168334961
2024-01-26 17:40:53,250:INFO: Val_Loss: 82.28290557861328
2024-01-26 17:40:53,250:INFO: Val_NME: 0.2921253342363349

2024-01-26 17:42:27,152:INFO: Save best model
2024-01-26 17:42:27,177:INFO: Train_Loss: 53.99260711669922
2024-01-26 17:42:27,177:INFO: Val_Loss: 79.62934112548828
2024-01-26 17:42:27,177:INFO: Val_NME: 0.28245821493201106

2024-01-27 02:30:46,906:INFO: Save best model
2024-01-27 02:30:46,927:INFO: Train_Loss: 50.38212203979492
2024-01-27 02:30:46,927:INFO: Val_Loss: 76.76018524169922
2024-01-27 02:30:46,927:INFO: Val_NME: 0.2727559099065739

