2024-01-29 10:21:57,363:INFO: SEED: 2023
2024-01-29 10:21:57,363:INFO: DEVICE: cuda
2024-01-29 10:21:57,363:INFO: GPU_ID: 0
2024-01-29 10:21:57,363:INFO: TRANSFORM: Compose(
    ToTensor()
    Normalize(mean=[0.5, 0.5, 0.5], std=[0.5, 0.5, 0.5])
)
2024-01-29 10:21:57,363:INFO: MODEL_TYPE: PFLD_GhostNet
2024-01-29 10:21:57,363:INFO: INPUT_SIZE: [112, 112]
2024-01-29 10:21:57,363:INFO: WIDTH_FACTOR: 1
2024-01-29 10:21:57,363:INFO: LANDMARK_NUMBER: 98
2024-01-29 10:21:57,363:INFO: TRAIN_BATCH_SIZE: 32
2024-01-29 10:21:57,363:INFO: VAL_BATCH_SIZE: 8
2024-01-29 10:21:57,363:INFO: TRAIN_DATA_PATH: ./data/test_data_repeat80/list.txt
2024-01-29 10:21:57,363:INFO: VAL_DATA_PATH: ./data/train_data_repeat80/list.txt
2024-01-29 10:21:57,363:INFO: EPOCHES: 200
2024-01-29 10:21:57,363:INFO: LR: 0.0001
2024-01-29 10:21:57,363:INFO: WEIGHT_DECAY: 1e-06
2024-01-29 10:21:57,363:INFO: NUM_WORKERS: 8
2024-01-29 10:21:57,363:INFO: MILESTONES: [55, 65, 75]
2024-01-29 10:21:57,363:INFO: RESUME: False
2024-01-29 10:21:57,363:INFO: MODEL_PATH: ./checkpoint/models/PFLD_GhostNet_1_112_2024-01-29-10-21/
2024-01-29 10:21:57,363:INFO: LOG_PATH: ./checkpoint/log/PFLD_GhostNet_1_112_2024-01-29-10-21/
2024-01-29 10:21:57,363:INFO: LOGGER_PATH: ./checkpoint/models/PFLD_GhostNet_1_112_2024-01-29-10-21/train.log
2024-01-29 10:21:57,363:INFO: 

2024-01-29 10:21:57,363:WARNING: =======>>>>>>> Loading Training and Validation Data
2024-01-29 10:21:58,296:WARNING: =======>>>>>>> PFLD_GhostNet Model Generated
2024-01-29 10:21:58,296:WARNING: =======>>>>>>> Loss Function Generated
2024-01-29 10:21:58,296:WARNING: =======>>>>>>> Optimizer Generated
2024-01-29 10:21:58,296:WARNING: =======>>>>>>> Scheduler Generated

2024-01-29 10:23:37,951:INFO: Save best model
2024-01-29 10:23:37,971:INFO: Train_Loss: 210.4144287109375
2024-01-29 10:23:37,971:INFO: Val_Loss: 118.80792236328125
2024-01-29 10:23:37,971:INFO: Val_NME: 0.4278437975874683

2024-01-29 10:25:13,647:INFO: Save best model
2024-01-29 10:25:13,683:INFO: Train_Loss: 95.9170150756836
2024-01-29 10:25:13,683:INFO: Val_Loss: 102.32105255126953
2024-01-29 10:25:13,683:INFO: Val_NME: 0.36591467316311427

2024-01-29 10:26:41,670:INFO: Save best model
2024-01-29 10:26:41,680:INFO: Train_Loss: 80.18434143066406
2024-01-29 10:26:41,680:INFO: Val_Loss: 94.81906127929688
2024-01-29 10:26:41,680:INFO: Val_NME: 0.3378202985401526

2024-01-29 10:28:12,017:INFO: Save best model
2024-01-29 10:28:12,037:INFO: Train_Loss: 69.976318359375
2024-01-29 10:28:12,037:INFO: Val_Loss: 88.5939712524414
2024-01-29 10:28:12,037:INFO: Val_NME: 0.3149338766838708

2024-01-29 10:29:40,769:INFO: Save best model
2024-01-29 10:29:40,791:INFO: Train_Loss: 63.16720199584961
2024-01-29 10:29:40,791:INFO: Val_Loss: 85.4034423828125
2024-01-29 10:29:40,791:INFO: Val_NME: 0.3033511678437686

