2024-01-26 11:14:16,942:INFO: SEED: 2023
2024-01-26 11:14:16,942:INFO: DEVICE: cuda
2024-01-26 11:14:16,942:INFO: GPU_ID: 0
2024-01-26 11:14:16,942:INFO: TRANSFORM: Compose(
    ToTensor()
    Normalize(mean=[0.5, 0.5, 0.5], std=[0.5, 0.5, 0.5])
)
2024-01-26 11:14:16,942:INFO: MODEL_TYPE: PFLD_GhostNet
2024-01-26 11:14:16,942:INFO: INPUT_SIZE: [112, 112]
2024-01-26 11:14:16,942:INFO: WIDTH_FACTOR: 1
2024-01-26 11:14:16,942:INFO: LANDMARK_NUMBER: 98
2024-01-26 11:14:16,942:INFO: TRAIN_BATCH_SIZE: 32
2024-01-26 11:14:16,942:INFO: VAL_BATCH_SIZE: 8
2024-01-26 11:14:16,942:INFO: TRAIN_DATA_PATH: ./data/min/train_data/list.txt
2024-01-26 11:14:16,942:INFO: VAL_DATA_PATH: ./data/min/test_data/list.txt
2024-01-26 11:14:16,942:INFO: EPOCHES: 80
2024-01-26 11:14:16,942:INFO: LR: 0.0001
2024-01-26 11:14:16,942:INFO: WEIGHT_DECAY: 1e-06
2024-01-26 11:14:16,942:INFO: NUM_WORKERS: 8
2024-01-26 11:14:16,942:INFO: MILESTONES: [55, 65, 75]
2024-01-26 11:14:16,942:INFO: RESUME: False
2024-01-26 11:14:16,942:INFO: MODEL_PATH: ./checkpoint/models/PFLD_GhostNet_1_112_2024-01-26-11-14/
2024-01-26 11:14:16,942:INFO: LOG_PATH: ./checkpoint/log/PFLD_GhostNet_1_112_2024-01-26-11-14/
2024-01-26 11:14:16,942:INFO: LOGGER_PATH: ./checkpoint/models/PFLD_GhostNet_1_112_2024-01-26-11-14/train.log
2024-01-26 11:14:16,942:INFO: 

2024-01-26 11:14:16,942:WARNING: =======>>>>>>> Loading Training and Validation Data
2024-01-26 11:14:17,052:WARNING: =======>>>>>>> PFLD_GhostNet Model Generated
2024-01-26 11:14:17,052:WARNING: =======>>>>>>> Loss Function Generated
2024-01-26 11:14:17,052:WARNING: =======>>>>>>> Optimizer Generated
2024-01-26 11:14:17,052:WARNING: =======>>>>>>> Scheduler Generated

2024-01-26 11:14:56,882:INFO: Save best model
2024-01-26 11:14:56,902:INFO: Train_Loss: 404.66192626953125
2024-01-26 11:14:56,902:INFO: Val_Loss: 385.8414306640625
2024-01-26 11:14:56,902:INFO: Val_NME: 1.4055517741903683

2024-01-26 11:15:32,982:INFO: Save best model
2024-01-26 11:15:33,002:INFO: Train_Loss: 323.4654235839844
2024-01-26 11:15:33,002:INFO: Val_Loss: 315.62799072265625
2024-01-26 11:15:33,003:INFO: Val_NME: 1.1880986292882472

2024-01-26 11:16:08,122:INFO: Save best model
2024-01-26 11:16:08,142:INFO: Train_Loss: 244.54135131835938
2024-01-26 11:16:08,142:INFO: Val_Loss: 225.30929565429688
2024-01-26 11:16:08,142:INFO: Val_NME: 0.8558521837152469

