2024-01-27 13:22:49,445:INFO: SEED: 2023
2024-01-27 13:22:49,445:INFO: DEVICE: cuda
2024-01-27 13:22:49,445:INFO: GPU_ID: 0
2024-01-27 13:22:49,445:INFO: TRANSFORM: Compose(
    ToTensor()
    Normalize(mean=[0.5, 0.5, 0.5], std=[0.5, 0.5, 0.5])
)
2024-01-27 13:22:49,445:INFO: MODEL_TYPE: PFLD_GhostNet
2024-01-27 13:22:49,445:INFO: INPUT_SIZE: [112, 112]
2024-01-27 13:22:49,445:INFO: WIDTH_FACTOR: 1
2024-01-27 13:22:49,445:INFO: LANDMARK_NUMBER: 98
2024-01-27 13:22:49,445:INFO: TRAIN_BATCH_SIZE: 32
2024-01-27 13:22:49,445:INFO: VAL_BATCH_SIZE: 8
2024-01-27 13:22:49,445:INFO: TRAIN_DATA_PATH: ./data/test_data_repeat80/list.txt
2024-01-27 13:22:49,445:INFO: VAL_DATA_PATH: ./data/train_data_repeat80/list.txt
2024-01-27 13:22:49,445:INFO: EPOCHES: 200
2024-01-27 13:22:49,445:INFO: LR: 0.0001
2024-01-27 13:22:49,445:INFO: WEIGHT_DECAY: 1e-06
2024-01-27 13:22:49,445:INFO: NUM_WORKERS: 8
2024-01-27 13:22:49,445:INFO: MILESTONES: [55, 65, 75]
2024-01-27 13:22:49,445:INFO: RESUME: False
2024-01-27 13:22:49,445:INFO: MODEL_PATH: ./checkpoint/models/PFLD_GhostNet_1_112_2024-01-27-13-22/
2024-01-27 13:22:49,445:INFO: LOG_PATH: ./checkpoint/log/PFLD_GhostNet_1_112_2024-01-27-13-22/
2024-01-27 13:22:49,445:INFO: LOGGER_PATH: ./checkpoint/models/PFLD_GhostNet_1_112_2024-01-27-13-22/train.log
2024-01-27 13:22:49,445:INFO: 

2024-01-27 13:22:49,445:WARNING: =======>>>>>>> Loading Training and Validation Data
2024-01-27 13:22:50,396:WARNING: =======>>>>>>> PFLD_GhostNet Model Generated
2024-01-27 13:22:50,396:WARNING: =======>>>>>>> Loss Function Generated
2024-01-27 13:22:50,396:WARNING: =======>>>>>>> Optimizer Generated
2024-01-27 13:22:50,396:WARNING: =======>>>>>>> Scheduler Generated

2024-01-27 13:24:33,246:INFO: Save best model
2024-01-27 13:24:33,266:INFO: Train_Loss: 210.46588134765625
2024-01-27 13:24:33,266:INFO: Val_Loss: 119.02201080322266
2024-01-27 13:24:33,266:INFO: Val_NME: 0.42877479908930966

2024-01-27 13:26:16,135:INFO: Save best model
2024-01-27 13:26:16,155:INFO: Train_Loss: 95.93949890136719
2024-01-27 13:26:16,155:INFO: Val_Loss: 102.28385162353516
2024-01-27 13:26:16,155:INFO: Val_NME: 0.3657140958672114

2024-01-27 13:27:52,180:INFO: Save best model
2024-01-27 13:27:52,200:INFO: Train_Loss: 80.1015853881836
2024-01-27 13:27:52,200:INFO: Val_Loss: 94.59563446044922
2024-01-27 13:27:52,200:INFO: Val_NME: 0.33697113002131307

2024-01-27 13:29:23,811:INFO: Save best model
2024-01-27 13:29:23,831:INFO: Train_Loss: 70.00990295410156
2024-01-27 13:29:23,831:INFO: Val_Loss: 88.6267318725586
2024-01-27 13:29:23,831:INFO: Val_NME: 0.31508168436027173

2024-01-27 13:30:55,299:INFO: Save best model
2024-01-27 13:30:55,319:INFO: Train_Loss: 63.22993850708008
2024-01-27 13:30:55,319:INFO: Val_Loss: 85.22534942626953
2024-01-27 13:30:55,319:INFO: Val_NME: 0.30262822349899204

2024-01-27 13:32:28,271:INFO: Save best model
2024-01-27 13:32:28,291:INFO: Train_Loss: 58.17244338989258
2024-01-27 13:32:28,291:INFO: Val_Loss: 82.01363372802734
2024-01-27 13:32:28,291:INFO: Val_NME: 0.2911164366325284

2024-01-27 13:34:01,018:INFO: Save best model
2024-01-27 13:34:01,038:INFO: Train_Loss: 54.00279998779297
2024-01-27 13:34:01,038:INFO: Val_Loss: 79.61966705322266
2024-01-27 13:34:01,038:INFO: Val_NME: 0.2823523785887851

2024-01-27 13:40:58,071:INFO: Save best model
2024-01-27 13:40:58,091:INFO: Train_Loss: 50.35874938964844
2024-01-27 13:40:58,091:INFO: Val_Loss: 76.77259826660156
2024-01-27 13:40:58,091:INFO: Val_NME: 0.27283807397783394

2024-01-27 13:42:31,837:INFO: Save best model
2024-01-27 13:42:31,857:INFO: Train_Loss: 47.52419662475586
2024-01-27 13:42:31,857:INFO: Val_Loss: 74.80967712402344
2024-01-27 13:42:31,857:INFO: Val_NME: 0.26548298360409484

2024-01-27 13:44:04,956:INFO: Save best model
2024-01-27 13:44:04,966:INFO: Train_Loss: 44.92515563964844
2024-01-27 13:44:04,966:INFO: Val_Loss: 73.07182312011719
2024-01-27 13:44:04,966:INFO: Val_NME: 0.258846453256037

2024-01-27 13:45:36,220:INFO: Save best model
2024-01-27 13:45:36,240:INFO: Train_Loss: 42.40700149536133
2024-01-27 13:45:36,240:INFO: Val_Loss: 71.33463287353516
2024-01-27 13:45:36,240:INFO: Val_NME: 0.2530454792174762

2024-01-27 13:53:02,808:INFO: Save best model
2024-01-27 13:53:02,818:INFO: Train_Loss: 40.26966857910156
2024-01-27 13:53:02,818:INFO: Val_Loss: 69.1941146850586
2024-01-27 13:53:02,818:INFO: Val_NME: 0.24541899814338383

2024-01-27 13:54:38,434:INFO: Save best model
2024-01-27 13:54:38,454:INFO: Train_Loss: 38.201114654541016
2024-01-27 13:54:38,454:INFO: Val_Loss: 68.82929992675781
2024-01-27 13:54:38,454:INFO: Val_NME: 0.24409811719353258

2024-01-27 13:56:09,081:INFO: Save best model
2024-01-27 13:56:09,101:INFO: Train_Loss: 37.13978576660156
2024-01-27 13:56:09,101:INFO: Val_Loss: 67.63554382324219
2024-01-27 13:56:09,101:INFO: Val_NME: 0.23954682325121235

2024-01-27 13:57:38,531:INFO: Save best model
2024-01-27 13:57:38,542:INFO: Train_Loss: 35.63513946533203
2024-01-27 13:57:38,542:INFO: Val_Loss: 67.48729705810547
2024-01-27 13:57:38,551:INFO: Val_NME: 0.2388779655804748

2024-01-27 13:59:08,252:INFO: Save best model
2024-01-27 13:59:08,272:INFO: Train_Loss: 35.162139892578125
2024-01-27 13:59:08,272:INFO: Val_Loss: 65.89663696289062
2024-01-27 13:59:08,272:INFO: Val_NME: 0.23348556185013397

2024-01-27 14:00:37,924:INFO: Save best model
2024-01-27 14:00:37,944:INFO: Train_Loss: 33.233665466308594
2024-01-27 14:00:37,944:INFO: Val_Loss: 65.12420654296875
2024-01-27 14:00:37,944:INFO: Val_NME: 0.2311450197314163

2024-01-27 14:02:08,692:INFO: Save best model
2024-01-27 14:02:08,712:INFO: Train_Loss: 32.65069580078125
2024-01-27 14:02:08,712:INFO: Val_Loss: 64.63965606689453
2024-01-27 14:02:08,712:INFO: Val_NME: 0.22891024038050037

2024-01-27 14:03:39,231:INFO: Train_Loss: 31.452491760253906
2024-01-27 14:03:39,231:INFO: Val_Loss: 64.805908203125
2024-01-27 14:03:39,231:INFO: Val_NME: 0.22957637704411604

2024-01-27 14:05:08,492:INFO: Save best model
2024-01-27 14:05:08,512:INFO: Train_Loss: 30.468740463256836
2024-01-27 14:05:08,512:INFO: Val_Loss: 63.574886322021484
2024-01-27 14:05:08,512:INFO: Val_NME: 0.2256840834667851

2024-01-27 14:06:37,731:INFO: Train_Loss: 29.739229202270508
2024-01-27 14:06:37,731:INFO: Val_Loss: 63.996604919433594
2024-01-27 14:06:37,731:INFO: Val_NME: 0.22654051805736972

2024-01-27 14:08:08,762:INFO: Train_Loss: 29.679317474365234
2024-01-27 14:08:08,762:INFO: Val_Loss: 63.878414154052734
2024-01-27 14:08:08,762:INFO: Val_NME: 0.2261040415178282

2024-01-27 14:09:38,624:INFO: Save best model
2024-01-27 14:09:38,644:INFO: Train_Loss: 28.3166446685791
2024-01-27 14:09:38,644:INFO: Val_Loss: 62.59407424926758
2024-01-27 14:09:38,644:INFO: Val_NME: 0.2217902433980307

2024-01-27 14:11:09,783:INFO: Save best model
2024-01-27 14:11:09,803:INFO: Train_Loss: 27.68118667602539
2024-01-27 14:11:09,803:INFO: Val_Loss: 61.96330642700195
2024-01-27 14:11:09,803:INFO: Val_NME: 0.2196888250669854

2024-01-27 14:12:41,022:INFO: Train_Loss: 27.6320743560791
2024-01-27 14:12:41,022:INFO: Val_Loss: 62.164878845214844
2024-01-27 14:12:41,022:INFO: Val_NME: 0.22011462001209423

2024-01-27 14:14:11,518:INFO: Train_Loss: 27.030746459960938
2024-01-27 14:14:11,518:INFO: Val_Loss: 62.212398529052734
2024-01-27 14:14:11,518:INFO: Val_NME: 0.22028420423192394

2024-01-27 14:15:41,175:INFO: Save best model
2024-01-27 14:15:41,195:INFO: Train_Loss: 26.54823112487793
2024-01-27 14:15:41,195:INFO: Val_Loss: 61.4954948425293
2024-01-27 14:15:41,195:INFO: Val_NME: 0.21779449869983858

2024-01-27 14:17:24,080:INFO: Train_Loss: 25.662805557250977
2024-01-27 14:17:24,080:INFO: Val_Loss: 62.14076614379883
2024-01-27 14:17:24,080:INFO: Val_NME: 0.21964186120732654

2024-01-27 14:19:00,207:INFO: Save best model
2024-01-27 14:19:00,217:INFO: Train_Loss: 25.380937576293945
2024-01-27 14:19:00,217:INFO: Val_Loss: 60.26149368286133
2024-01-27 14:19:00,217:INFO: Val_NME: 0.21376738235653742

2024-01-27 14:20:49,550:INFO: Train_Loss: 24.84248161315918
2024-01-27 14:20:49,550:INFO: Val_Loss: 60.57112121582031
2024-01-27 14:20:49,550:INFO: Val_NME: 0.21453148507660563

2024-01-27 14:22:37,474:INFO: Save best model
2024-01-27 14:22:37,494:INFO: Train_Loss: 24.067060470581055
2024-01-27 14:22:37,494:INFO: Val_Loss: 59.91949462890625
2024-01-27 14:22:37,494:INFO: Val_NME: 0.21232876401791195

2024-01-27 14:24:24,752:INFO: Save best model
2024-01-27 14:24:24,794:INFO: Train_Loss: 23.932571411132812
2024-01-27 14:24:24,794:INFO: Val_Loss: 59.25790786743164
2024-01-27 14:24:24,794:INFO: Val_NME: 0.2099592684026201

2024-01-27 14:26:02,819:INFO: Train_Loss: 23.915088653564453
2024-01-27 14:26:02,819:INFO: Val_Loss: 59.80445861816406
2024-01-27 14:26:02,819:INFO: Val_NME: 0.21185019128301905

2024-01-27 14:27:33,985:INFO: Train_Loss: 23.094388961791992
2024-01-27 14:27:33,985:INFO: Val_Loss: 60.134132385253906
2024-01-27 14:27:33,985:INFO: Val_NME: 0.21272279782576803

2024-01-27 14:29:03,670:INFO: Train_Loss: 22.9788818359375
2024-01-27 14:29:03,670:INFO: Val_Loss: 59.52806091308594
2024-01-27 14:29:03,670:INFO: Val_NME: 0.21076352943272408

2024-01-27 14:30:32,989:INFO: Save best model
2024-01-27 14:30:33,009:INFO: Train_Loss: 22.313440322875977
2024-01-27 14:30:33,009:INFO: Val_Loss: 59.100826263427734
2024-01-27 14:30:33,009:INFO: Val_NME: 0.2091871769143313

2024-01-27 14:32:03,855:INFO: Save best model
2024-01-27 14:32:03,865:INFO: Train_Loss: 22.20928192138672
2024-01-27 14:32:03,865:INFO: Val_Loss: 58.71739959716797
2024-01-27 14:32:03,865:INFO: Val_NME: 0.2080249451783793

2024-01-27 14:33:33,932:INFO: Train_Loss: 22.165969848632812
2024-01-27 14:33:33,932:INFO: Val_Loss: 59.35072708129883
2024-01-27 14:33:33,932:INFO: Val_NME: 0.20996155462186666

2024-01-27 14:35:05,132:INFO: Train_Loss: 21.64222526550293
2024-01-27 14:35:05,132:INFO: Val_Loss: 59.22531509399414
2024-01-27 14:35:05,132:INFO: Val_NME: 0.20922282319126498

2024-01-27 14:36:34,580:INFO: Save best model
2024-01-27 14:36:34,600:INFO: Train_Loss: 21.23346710205078
2024-01-27 14:36:34,600:INFO: Val_Loss: 58.20414733886719
2024-01-27 14:36:34,600:INFO: Val_NME: 0.20634383457833552

2024-01-27 14:38:06,068:INFO: Train_Loss: 21.309965133666992
2024-01-27 14:38:06,068:INFO: Val_Loss: 58.364505767822266
2024-01-27 14:38:06,068:INFO: Val_NME: 0.20685517666649103

2024-01-27 14:39:36,705:INFO: Train_Loss: 20.88113784790039
2024-01-27 14:39:36,705:INFO: Val_Loss: 58.26990509033203
2024-01-27 14:39:36,705:INFO: Val_NME: 0.20641334991134222

2024-01-27 14:41:06,109:INFO: Train_Loss: 20.36167335510254
2024-01-27 14:41:06,109:INFO: Val_Loss: 58.35670852661133
2024-01-27 14:41:06,109:INFO: Val_NME: 0.20662963356041353

2024-01-27 14:42:36,292:INFO: Save best model
2024-01-27 14:42:36,312:INFO: Train_Loss: 20.817916870117188
2024-01-27 14:42:36,312:INFO: Val_Loss: 57.745826721191406
2024-01-27 14:42:36,312:INFO: Val_NME: 0.20446826544366445

2024-01-27 14:44:06,761:INFO: Save best model
2024-01-27 14:44:06,781:INFO: Train_Loss: 20.81780242919922
2024-01-27 14:44:06,781:INFO: Val_Loss: 57.39888000488281
2024-01-27 14:44:06,781:INFO: Val_NME: 0.20339605021643734

2024-01-27 14:45:37,344:INFO: Save best model
2024-01-27 14:45:37,365:INFO: Train_Loss: 20.404048919677734
2024-01-27 14:45:37,365:INFO: Val_Loss: 57.34800720214844
2024-01-27 14:45:37,365:INFO: Val_NME: 0.20332571612561387

2024-01-27 14:47:07,374:INFO: Train_Loss: 19.600505828857422
2024-01-27 14:47:07,374:INFO: Val_Loss: 57.82899856567383
2024-01-27 14:47:07,374:INFO: Val_NME: 0.20449015034683216

2024-01-27 14:48:39,164:INFO: Save best model
2024-01-27 14:48:39,174:INFO: Train_Loss: 19.483224868774414
2024-01-27 14:48:39,174:INFO: Val_Loss: 57.26837921142578
2024-01-27 14:48:39,174:INFO: Val_NME: 0.202758525946179

2024-01-27 14:50:09,173:INFO: Train_Loss: 19.399660110473633
2024-01-27 14:50:09,173:INFO: Val_Loss: 57.686859130859375
2024-01-27 14:50:09,173:INFO: Val_NME: 0.2043041933873459

2024-01-27 14:51:38,565:INFO: Save best model
2024-01-27 14:51:38,586:INFO: Train_Loss: 19.375308990478516
2024-01-27 14:51:38,586:INFO: Val_Loss: 56.486454010009766
2024-01-27 14:51:38,586:INFO: Val_NME: 0.20006640594412006

2024-01-27 14:53:07,947:INFO: Train_Loss: 19.396780014038086
2024-01-27 14:53:07,947:INFO: Val_Loss: 56.64470672607422
2024-01-27 14:53:07,947:INFO: Val_NME: 0.20062864203270878

2024-01-27 14:54:37,395:INFO: Train_Loss: 18.72197723388672
2024-01-27 14:54:37,395:INFO: Val_Loss: 56.626861572265625
2024-01-27 14:54:37,395:INFO: Val_NME: 0.2008175227394653

2024-01-27 14:56:07,945:INFO: Train_Loss: 18.706945419311523
2024-01-27 14:56:07,945:INFO: Val_Loss: 56.856441497802734
2024-01-27 14:56:07,945:INFO: Val_NME: 0.20161495108857982

2024-01-27 14:57:38,282:INFO: Train_Loss: 18.53646469116211
2024-01-27 14:57:38,282:INFO: Val_Loss: 56.78361511230469
2024-01-27 14:57:38,282:INFO: Val_NME: 0.2013443693136069

2024-01-27 14:59:07,815:INFO: Save best model
2024-01-27 14:59:07,835:INFO: Train_Loss: 18.465065002441406
2024-01-27 14:59:07,835:INFO: Val_Loss: 56.29275894165039
2024-01-27 14:59:07,835:INFO: Val_NME: 0.19948095288665066

2024-01-27 15:00:38,967:INFO: Save best model
2024-01-27 15:00:38,977:INFO: Train_Loss: 16.67353057861328
2024-01-27 15:00:38,977:INFO: Val_Loss: 55.734798431396484
2024-01-27 15:00:38,977:INFO: Val_NME: 0.19741296101960343

2024-01-27 15:02:10,029:INFO: Save best model
2024-01-27 15:02:10,049:INFO: Train_Loss: 16.226980209350586
2024-01-27 15:02:10,049:INFO: Val_Loss: 55.54814147949219
2024-01-27 15:02:10,049:INFO: Val_NME: 0.19678537817781963

2024-01-27 15:03:40,124:INFO: Train_Loss: 16.229433059692383
2024-01-27 15:03:40,124:INFO: Val_Loss: 55.71976852416992
2024-01-27 15:03:40,124:INFO: Val_NME: 0.197347895038195

2024-01-27 15:05:09,523:INFO: Train_Loss: 15.912677764892578
2024-01-27 15:05:09,523:INFO: Val_Loss: 55.647151947021484
2024-01-27 15:05:09,523:INFO: Val_NME: 0.19715358929497315

2024-01-27 15:06:38,816:INFO: Train_Loss: 15.947027206420898
2024-01-27 15:06:38,816:INFO: Val_Loss: 55.83149719238281
2024-01-27 15:06:38,816:INFO: Val_NME: 0.1976855617817414

2024-01-27 15:08:10,220:INFO: Train_Loss: 15.765201568603516
2024-01-27 15:08:10,220:INFO: Val_Loss: 55.62540817260742
2024-01-27 15:08:10,220:INFO: Val_NME: 0.19710629343872135

2024-01-27 15:09:40,109:INFO: Train_Loss: 15.697280883789062
2024-01-27 15:09:40,109:INFO: Val_Loss: 56.05974578857422
2024-01-27 15:09:40,109:INFO: Val_NME: 0.19852788342823785

2024-01-27 15:11:10,067:INFO: Train_Loss: 15.725672721862793
2024-01-27 15:11:10,067:INFO: Val_Loss: 55.93711853027344
2024-01-27 15:11:10,067:INFO: Val_NME: 0.19812355386558259

2024-01-27 15:12:41,181:INFO: Train_Loss: 15.60457706451416
2024-01-27 15:12:41,181:INFO: Val_Loss: 55.69060516357422
2024-01-27 15:12:41,181:INFO: Val_NME: 0.19743795346275492

2024-01-27 15:14:11,055:INFO: Train_Loss: 15.448172569274902
2024-01-27 15:14:11,055:INFO: Val_Loss: 55.703792572021484
2024-01-27 15:14:11,055:INFO: Val_NME: 0.19732932453162133

2024-01-27 15:15:40,295:INFO: Train_Loss: 15.72355842590332
2024-01-27 15:15:40,295:INFO: Val_Loss: 55.73155975341797
2024-01-27 15:15:40,295:INFO: Val_NME: 0.19747519891867255

2024-01-27 15:17:09,835:INFO: Train_Loss: 15.471722602844238
2024-01-27 15:17:09,835:INFO: Val_Loss: 55.771263122558594
2024-01-27 15:17:09,835:INFO: Val_NME: 0.19759220705847175

2024-01-27 15:18:39,691:INFO: Train_Loss: 15.349674224853516
2024-01-27 15:18:39,691:INFO: Val_Loss: 55.58427810668945
2024-01-27 15:18:39,691:INFO: Val_NME: 0.19698913849635413

2024-01-27 15:20:09,499:INFO: Train_Loss: 15.541254043579102
2024-01-27 15:20:09,499:INFO: Val_Loss: 55.714508056640625
2024-01-27 15:20:09,499:INFO: Val_NME: 0.197376750901976

2024-01-27 15:21:38,837:INFO: Train_Loss: 15.222977638244629
2024-01-27 15:21:38,837:INFO: Val_Loss: 55.608341217041016
2024-01-27 15:21:38,837:INFO: Val_NME: 0.19699484548277196

2024-01-27 15:23:08,179:INFO: Train_Loss: 15.422435760498047
2024-01-27 15:23:08,179:INFO: Val_Loss: 55.61302185058594
2024-01-27 15:23:08,179:INFO: Val_NME: 0.19700235236543615

2024-01-27 15:24:37,762:INFO: Train_Loss: 15.296618461608887
2024-01-27 15:24:37,762:INFO: Val_Loss: 55.78974151611328
2024-01-27 15:24:37,762:INFO: Val_NME: 0.19763886923338875

2024-01-27 15:26:07,460:INFO: Train_Loss: 15.488512992858887
2024-01-27 15:26:07,460:INFO: Val_Loss: 55.7808837890625
2024-01-27 15:26:07,460:INFO: Val_NME: 0.19762683732858302

2024-01-27 15:27:37,047:INFO: Save best model
2024-01-27 15:27:37,067:INFO: Train_Loss: 15.43913745880127
2024-01-27 15:27:37,067:INFO: Val_Loss: 55.53763961791992
2024-01-27 15:27:37,067:INFO: Val_NME: 0.19675560401853148

2024-01-27 15:29:06,164:INFO: Train_Loss: 15.551201820373535
2024-01-27 15:29:06,164:INFO: Val_Loss: 55.579654693603516
2024-01-27 15:29:06,164:INFO: Val_NME: 0.19691739279709658

2024-01-27 15:30:35,290:INFO: Train_Loss: 15.35294246673584
2024-01-27 15:30:35,290:INFO: Val_Loss: 55.70164108276367
2024-01-27 15:30:35,290:INFO: Val_NME: 0.19735582545961566

2024-01-27 15:32:05,375:INFO: Train_Loss: 15.473243713378906
2024-01-27 15:32:05,385:INFO: Val_Loss: 55.731414794921875
2024-01-27 15:32:05,385:INFO: Val_NME: 0.19745506057373974

2024-01-27 15:33:35,394:INFO: Train_Loss: 15.45712661743164
2024-01-27 15:33:35,394:INFO: Val_Loss: 55.76908493041992
2024-01-27 15:33:35,394:INFO: Val_NME: 0.19756492390886904

2024-01-27 15:35:04,818:INFO: Train_Loss: 15.40803337097168
2024-01-27 15:35:04,818:INFO: Val_Loss: 55.609169006347656
2024-01-27 15:35:04,818:INFO: Val_NME: 0.19702944213028498

2024-01-27 15:36:34,283:INFO: Train_Loss: 15.361312866210938
2024-01-27 15:36:34,283:INFO: Val_Loss: 55.61412811279297
2024-01-27 15:36:34,283:INFO: Val_NME: 0.19700489192354462

2024-01-27 15:38:05,888:INFO: Train_Loss: 15.473336219787598
2024-01-27 15:38:05,888:INFO: Val_Loss: 55.90553665161133
2024-01-27 15:38:05,888:INFO: Val_NME: 0.19799132455962068

2024-01-27 15:39:36,313:INFO: Train_Loss: 15.52311897277832
2024-01-27 15:39:36,313:INFO: Val_Loss: 55.674198150634766
2024-01-27 15:39:36,313:INFO: Val_NME: 0.19726687923742237

2024-01-27 15:41:05,700:INFO: Train_Loss: 15.570822715759277
2024-01-27 15:41:05,700:INFO: Val_Loss: 55.778968811035156
2024-01-27 15:41:05,700:INFO: Val_NME: 0.1976689869091736

2024-01-27 15:42:34,561:INFO: Train_Loss: 15.23437786102295
2024-01-27 15:42:34,561:INFO: Val_Loss: 55.77311325073242
2024-01-27 15:42:34,561:INFO: Val_NME: 0.19764577313477763

2024-01-27 15:44:04,065:INFO: Train_Loss: 15.170327186584473
2024-01-27 15:44:04,065:INFO: Val_Loss: 55.705650329589844
2024-01-27 15:44:04,065:INFO: Val_NME: 0.197344727544293

2024-01-27 15:45:33,208:INFO: Train_Loss: 15.274189949035645
2024-01-27 15:45:33,208:INFO: Val_Loss: 55.66373825073242
2024-01-27 15:45:33,208:INFO: Val_NME: 0.1972240066089917

2024-01-27 15:47:02,865:INFO: Train_Loss: 15.255417823791504
2024-01-27 15:47:02,865:INFO: Val_Loss: 55.72510528564453
2024-01-27 15:47:02,865:INFO: Val_NME: 0.19740490905202698

2024-01-27 15:48:32,554:INFO: Train_Loss: 15.404998779296875
2024-01-27 15:48:32,564:INFO: Val_Loss: 55.65388107299805
2024-01-27 15:48:32,564:INFO: Val_NME: 0.19718044981232766

2024-01-27 15:50:07,465:INFO: Train_Loss: 15.198708534240723
2024-01-27 15:50:07,465:INFO: Val_Loss: 55.706111907958984
2024-01-27 15:50:07,465:INFO: Val_NME: 0.19734283731892222

2024-01-27 15:51:36,190:INFO: Train_Loss: 15.237675666809082
2024-01-27 15:51:36,190:INFO: Val_Loss: 55.53736877441406
2024-01-27 15:51:36,190:INFO: Val_NME: 0.1968073134161703

2024-01-27 15:53:04,997:INFO: Train_Loss: 15.248764038085938
2024-01-27 15:53:04,997:INFO: Val_Loss: 55.767913818359375
2024-01-27 15:53:04,997:INFO: Val_NME: 0.19758987250645826

2024-01-27 15:54:34,540:INFO: Train_Loss: 15.207898139953613
2024-01-27 15:54:34,540:INFO: Val_Loss: 55.90077209472656
2024-01-27 15:54:34,540:INFO: Val_NME: 0.1980397959980327

2024-01-27 15:56:04,506:INFO: Train_Loss: 15.279576301574707
2024-01-27 15:56:04,506:INFO: Val_Loss: 55.71713638305664
2024-01-27 15:56:04,506:INFO: Val_NME: 0.19746587787926373

2024-01-27 15:57:33,981:INFO: Train_Loss: 15.30135726928711
2024-01-27 15:57:33,981:INFO: Val_Loss: 55.67322540283203
2024-01-27 15:57:33,981:INFO: Val_NME: 0.19722261409227126

2024-01-27 15:59:03,525:INFO: Train_Loss: 15.212940216064453
2024-01-27 15:59:03,525:INFO: Val_Loss: 55.9546012878418
2024-01-27 15:59:03,525:INFO: Val_NME: 0.19819006147505158

2024-01-27 16:00:32,958:INFO: Train_Loss: 15.14122486114502
2024-01-27 16:00:32,958:INFO: Val_Loss: 55.685611724853516
2024-01-27 16:00:32,958:INFO: Val_NME: 0.19734164349573494

2024-01-27 16:02:04,408:INFO: Train_Loss: 15.15836238861084
2024-01-27 16:02:04,408:INFO: Val_Loss: 55.7978401184082
2024-01-27 16:02:04,408:INFO: Val_NME: 0.19771744816427397

2024-01-27 16:03:34,149:INFO: Train_Loss: 15.335112571716309
2024-01-27 16:03:34,149:INFO: Val_Loss: 55.68586349487305
2024-01-27 16:03:34,149:INFO: Val_NME: 0.1972400323515494

2024-01-27 16:05:03,537:INFO: Train_Loss: 15.165557861328125
2024-01-27 16:05:03,537:INFO: Val_Loss: 55.709320068359375
2024-01-27 16:05:03,537:INFO: Val_NME: 0.19739388778077194

2024-01-27 16:06:33,257:INFO: Train_Loss: 15.303245544433594
2024-01-27 16:06:33,257:INFO: Val_Loss: 55.65367126464844
2024-01-27 16:06:33,257:INFO: Val_NME: 0.19716841466944643

2024-01-27 16:08:04,002:INFO: Train_Loss: 15.397233963012695
2024-01-27 16:08:04,002:INFO: Val_Loss: 55.91976547241211
2024-01-27 16:08:04,002:INFO: Val_NME: 0.19811709629667984

2024-01-27 16:09:36,362:INFO: Train_Loss: 15.126387596130371
2024-01-27 16:09:36,362:INFO: Val_Loss: 55.64504623413086
2024-01-27 16:09:36,362:INFO: Val_NME: 0.19714009147179445

2024-01-27 16:11:05,604:INFO: Train_Loss: 15.215174674987793
2024-01-27 16:11:05,604:INFO: Val_Loss: 55.595947265625
2024-01-27 16:11:05,604:INFO: Val_NME: 0.1970179576301109

2024-01-27 16:12:35,014:INFO: Train_Loss: 15.186991691589355
2024-01-27 16:12:35,014:INFO: Val_Loss: 55.85811996459961
2024-01-27 16:12:35,014:INFO: Val_NME: 0.19786582347978954

2024-01-27 16:14:05,569:INFO: Train_Loss: 15.411687850952148
2024-01-27 16:14:05,569:INFO: Val_Loss: 55.83464813232422
2024-01-27 16:14:05,569:INFO: Val_NME: 0.19783270147140378

2024-01-27 16:15:35,411:INFO: Train_Loss: 15.345449447631836
2024-01-27 16:15:35,411:INFO: Val_Loss: 55.727928161621094
2024-01-27 16:15:35,411:INFO: Val_NME: 0.197350388823833

2024-01-27 16:17:05,015:INFO: Train_Loss: 15.280163764953613
2024-01-27 16:17:05,015:INFO: Val_Loss: 55.6663932800293
2024-01-27 16:17:05,015:INFO: Val_NME: 0.19718942743948134

2024-01-27 16:18:34,252:INFO: Train_Loss: 15.18830394744873
2024-01-27 16:18:34,252:INFO: Val_Loss: 55.55128479003906
2024-01-27 16:18:34,252:INFO: Val_NME: 0.19683597375078576

2024-01-27 16:20:04,449:INFO: Train_Loss: 15.508783340454102
2024-01-27 16:20:04,449:INFO: Val_Loss: 55.64604187011719
2024-01-27 16:20:04,449:INFO: Val_NME: 0.19715999965970224

2024-01-27 16:21:33,744:INFO: Train_Loss: 15.485753059387207
2024-01-27 16:21:33,744:INFO: Val_Loss: 55.61161422729492
2024-01-27 16:21:33,744:INFO: Val_NME: 0.1970665581199291

2024-01-27 16:23:03,087:INFO: Train_Loss: 15.338763236999512
2024-01-27 16:23:03,087:INFO: Val_Loss: 55.63946533203125
2024-01-27 16:23:03,087:INFO: Val_NME: 0.1970737580459303

2024-01-27 16:24:32,386:INFO: Train_Loss: 15.2830810546875
2024-01-27 16:24:32,386:INFO: Val_Loss: 55.806495666503906
2024-01-27 16:24:32,386:INFO: Val_NME: 0.19762837703731626

2024-01-27 16:26:02,900:INFO: Train_Loss: 15.400240898132324
2024-01-27 16:26:02,900:INFO: Val_Loss: 55.83684158325195
2024-01-27 16:26:02,900:INFO: Val_NME: 0.19785522781454443

2024-01-27 16:27:32,054:INFO: Train_Loss: 15.185135841369629
2024-01-27 16:27:32,054:INFO: Val_Loss: 55.87340545654297
2024-01-27 16:27:32,054:INFO: Val_NME: 0.19798625520651525

2024-01-27 16:29:00,690:INFO: Train_Loss: 15.253216743469238
2024-01-27 16:29:00,690:INFO: Val_Loss: 55.596885681152344
2024-01-27 16:29:00,690:INFO: Val_NME: 0.19696842735649212

2024-01-27 16:30:30,110:INFO: Train_Loss: 15.18166732788086
2024-01-27 16:30:30,110:INFO: Val_Loss: 55.54376983642578
2024-01-27 16:30:30,110:INFO: Val_NME: 0.19677556385572145

2024-01-27 16:32:00,941:INFO: Train_Loss: 15.508176803588867
2024-01-27 16:32:00,941:INFO: Val_Loss: 55.80938720703125
2024-01-27 16:32:00,941:INFO: Val_NME: 0.1976951462249131

2024-01-27 16:33:30,199:INFO: Train_Loss: 15.3828125
2024-01-27 16:33:30,199:INFO: Val_Loss: 55.70919418334961
2024-01-27 16:33:30,199:INFO: Val_NME: 0.19744807716126478

2024-01-27 16:34:59,111:INFO: Train_Loss: 15.41707992553711
2024-01-27 16:34:59,111:INFO: Val_Loss: 55.719661712646484
2024-01-27 16:34:59,111:INFO: Val_NME: 0.19745719943298157

2024-01-27 16:36:28,123:INFO: Train_Loss: 15.338480949401855
2024-01-27 16:36:28,123:INFO: Val_Loss: 55.655147552490234
2024-01-27 16:36:28,123:INFO: Val_NME: 0.19719338838505854

2024-01-27 16:38:00,244:INFO: Train_Loss: 15.157691955566406
2024-01-27 16:38:00,244:INFO: Val_Loss: 55.599796295166016
2024-01-27 16:38:00,244:INFO: Val_NME: 0.1970014742512548

2024-01-27 16:39:30,196:INFO: Train_Loss: 15.19200611114502
2024-01-27 16:39:30,196:INFO: Val_Loss: 55.90251159667969
2024-01-27 16:39:30,196:INFO: Val_NME: 0.19805884402425253

2024-01-27 16:40:58,810:INFO: Train_Loss: 15.343935012817383
2024-01-27 16:40:58,810:INFO: Val_Loss: 55.5675048828125
2024-01-27 16:40:58,810:INFO: Val_NME: 0.19686642026225348

2024-01-27 16:42:27,993:INFO: Train_Loss: 15.248445510864258
2024-01-27 16:42:27,993:INFO: Val_Loss: 55.693458557128906
2024-01-27 16:42:27,993:INFO: Val_NME: 0.1973710915009557

2024-01-27 16:43:58,133:INFO: Train_Loss: 15.246551513671875
2024-01-27 16:43:58,133:INFO: Val_Loss: 55.5639533996582
2024-01-27 16:43:58,133:INFO: Val_NME: 0.19689840860356816

2024-01-27 16:45:27,784:INFO: Train_Loss: 15.465658187866211
2024-01-27 16:45:27,784:INFO: Val_Loss: 55.870635986328125
2024-01-27 16:45:27,784:INFO: Val_NME: 0.19793998568084514

2024-01-27 16:46:56,957:INFO: Save best model
2024-01-27 16:46:56,967:INFO: Train_Loss: 15.294737815856934
2024-01-27 16:46:56,967:INFO: Val_Loss: 55.32543182373047
2024-01-27 16:46:56,967:INFO: Val_NME: 0.1960307279920549

2024-01-27 16:48:26,135:INFO: Train_Loss: 15.51082706451416
2024-01-27 16:48:26,135:INFO: Val_Loss: 55.699466705322266
2024-01-27 16:48:26,135:INFO: Val_NME: 0.19745334740531353

2024-01-27 16:49:56,066:INFO: Train_Loss: 15.401678085327148
2024-01-27 16:49:56,066:INFO: Val_Loss: 55.90193176269531
2024-01-27 16:49:56,066:INFO: Val_NME: 0.19806635904021314

2024-01-27 16:51:27,344:INFO: Train_Loss: 15.222699165344238
2024-01-27 16:51:27,344:INFO: Val_Loss: 55.78197479248047
2024-01-27 16:51:27,344:INFO: Val_NME: 0.19760634739741342

2024-01-27 16:52:59,115:INFO: Train_Loss: 15.39391040802002
2024-01-27 16:52:59,115:INFO: Val_Loss: 55.687774658203125
2024-01-27 16:52:59,115:INFO: Val_NME: 0.1974343000550956

2024-01-27 16:54:32,145:INFO: Train_Loss: 15.110835075378418
2024-01-27 16:54:32,145:INFO: Val_Loss: 55.796939849853516
2024-01-27 16:54:32,145:INFO: Val_NME: 0.19776994913583454

2024-01-27 16:56:05,201:INFO: Train_Loss: 15.451987266540527
2024-01-27 16:56:05,201:INFO: Val_Loss: 55.65464782714844
2024-01-27 16:56:05,201:INFO: Val_NME: 0.1971895210309417

2024-01-27 16:57:35,278:INFO: Train_Loss: 15.31238079071045
2024-01-27 16:57:35,278:INFO: Val_Loss: 55.72993850708008
2024-01-27 16:57:35,278:INFO: Val_NME: 0.19741524211415942

2024-01-27 16:59:04,819:INFO: Train_Loss: 15.221611976623535
2024-01-27 16:59:04,819:INFO: Val_Loss: 55.81460952758789
2024-01-27 16:59:04,819:INFO: Val_NME: 0.19774487859762144

2024-01-27 17:00:33,521:INFO: Train_Loss: 15.239852905273438
2024-01-27 17:00:33,521:INFO: Val_Loss: 55.73706817626953
2024-01-27 17:00:33,521:INFO: Val_NME: 0.19748880083517756

2024-01-27 17:02:03,344:INFO: Train_Loss: 15.50402545928955
2024-01-27 17:02:03,344:INFO: Val_Loss: 55.87888717651367
2024-01-27 17:02:03,344:INFO: Val_NME: 0.1980436719663523

2024-01-27 17:03:32,625:INFO: Train_Loss: 15.282577514648438
2024-01-27 17:03:32,625:INFO: Val_Loss: 55.902957916259766
2024-01-27 17:03:32,625:INFO: Val_NME: 0.19811600560465983

2024-01-27 17:05:01,101:INFO: Train_Loss: 15.285500526428223
2024-01-27 17:05:01,101:INFO: Val_Loss: 55.6610107421875
2024-01-27 17:05:01,101:INFO: Val_NME: 0.19723179921469047

2024-01-27 17:06:30,295:INFO: Train_Loss: 15.25207805633545
2024-01-27 17:06:30,295:INFO: Val_Loss: 55.71383285522461
2024-01-27 17:06:30,295:INFO: Val_NME: 0.19745942328258945

2024-01-27 17:08:00,589:INFO: Train_Loss: 15.176657676696777
2024-01-27 17:08:00,589:INFO: Val_Loss: 55.54690170288086
2024-01-27 17:08:00,589:INFO: Val_NME: 0.19681808945909607

2024-01-27 17:09:30,080:INFO: Train_Loss: 15.473219871520996
2024-01-27 17:09:30,080:INFO: Val_Loss: 55.788299560546875
2024-01-27 17:09:30,080:INFO: Val_NME: 0.1977764521817465

2024-01-27 17:10:59,600:INFO: Train_Loss: 15.326065063476562
2024-01-27 17:10:59,600:INFO: Val_Loss: 55.525001525878906
2024-01-27 17:10:59,600:INFO: Val_NME: 0.19678865107666882

2024-01-27 17:12:28,566:INFO: Train_Loss: 15.22773265838623
2024-01-27 17:12:28,566:INFO: Val_Loss: 55.69953918457031
2024-01-27 17:12:28,566:INFO: Val_NME: 0.19734738151687634

2024-01-27 17:13:58,514:INFO: Train_Loss: 15.295479774475098
2024-01-27 17:13:58,514:INFO: Val_Loss: 55.823299407958984
2024-01-27 17:13:58,514:INFO: Val_NME: 0.19780531347755895

2024-01-27 17:15:27,449:INFO: Train_Loss: 15.317960739135742
2024-01-27 17:15:27,449:INFO: Val_Loss: 55.55228042602539
2024-01-27 17:15:27,449:INFO: Val_NME: 0.19675402369886935

2024-01-27 17:16:56,235:INFO: Train_Loss: 15.25267505645752
2024-01-27 17:16:56,235:INFO: Val_Loss: 56.000038146972656
2024-01-27 17:16:56,235:INFO: Val_NME: 0.19843033356884526

2024-01-27 17:18:24,942:INFO: Train_Loss: 15.41230297088623
2024-01-27 17:18:24,942:INFO: Val_Loss: 55.634765625
2024-01-27 17:18:24,942:INFO: Val_NME: 0.1971623377325583

2024-01-27 17:19:54,267:INFO: Train_Loss: 15.165277481079102
2024-01-27 17:19:54,267:INFO: Val_Loss: 55.63591384887695
2024-01-27 17:19:54,267:INFO: Val_NME: 0.19705541270729388

2024-01-27 17:21:22,630:INFO: Train_Loss: 15.52734661102295
2024-01-27 17:21:22,630:INFO: Val_Loss: 55.804649353027344
2024-01-27 17:21:22,630:INFO: Val_NME: 0.19772012643226083

2024-01-27 17:22:51,358:INFO: Train_Loss: 15.42984390258789
2024-01-27 17:22:51,358:INFO: Val_Loss: 55.61349868774414
2024-01-27 17:22:51,358:INFO: Val_NME: 0.19706748574576616

2024-01-27 17:24:20,557:INFO: Train_Loss: 15.187779426574707
2024-01-27 17:24:20,557:INFO: Val_Loss: 55.76971435546875
2024-01-27 17:24:20,557:INFO: Val_NME: 0.19769719070944272

2024-01-27 17:25:50,285:INFO: Train_Loss: 15.280230522155762
2024-01-27 17:25:50,285:INFO: Val_Loss: 55.75149917602539
2024-01-27 17:25:50,285:INFO: Val_NME: 0.19749061886744831

2024-01-27 17:27:19,176:INFO: Train_Loss: 15.208869934082031
2024-01-27 17:27:19,176:INFO: Val_Loss: 55.59495162963867
2024-01-27 17:27:19,176:INFO: Val_NME: 0.19699258787578242

2024-01-27 17:28:48,159:INFO: Train_Loss: 15.296688079833984
2024-01-27 17:28:48,159:INFO: Val_Loss: 55.600738525390625
2024-01-27 17:28:48,159:INFO: Val_NME: 0.1969720745734973

2024-01-27 17:30:16,994:INFO: Train_Loss: 15.12710189819336
2024-01-27 17:30:16,994:INFO: Val_Loss: 55.64454650878906
2024-01-27 17:30:16,994:INFO: Val_NME: 0.19718644479954048

2024-01-27 17:31:46,366:INFO: Train_Loss: 15.36787223815918
2024-01-27 17:31:46,366:INFO: Val_Loss: 55.895179748535156
2024-01-27 17:31:46,366:INFO: Val_NME: 0.19813141521875854

2024-01-27 17:33:15,536:INFO: Train_Loss: 15.227643966674805
2024-01-27 17:33:15,536:INFO: Val_Loss: 55.68845748901367
2024-01-27 17:33:15,536:INFO: Val_NME: 0.1973590231986659

2024-01-27 17:34:44,382:INFO: Train_Loss: 15.312323570251465
2024-01-27 17:34:44,382:INFO: Val_Loss: 55.67338180541992
2024-01-27 17:34:44,382:INFO: Val_NME: 0.1972743841868236

2024-01-27 17:36:12,782:INFO: Train_Loss: 15.546947479248047
2024-01-27 17:36:12,782:INFO: Val_Loss: 55.7750129699707
2024-01-27 17:36:12,782:INFO: Val_NME: 0.1976280162955508

2024-01-27 17:37:43,093:INFO: Train_Loss: 15.185730934143066
2024-01-27 17:37:43,093:INFO: Val_Loss: 55.67686462402344
2024-01-27 17:37:43,093:INFO: Val_NME: 0.19727140202231463

2024-01-27 17:39:14,113:INFO: Train_Loss: 15.175490379333496
2024-01-27 17:39:14,113:INFO: Val_Loss: 55.65977478027344
2024-01-27 17:39:14,113:INFO: Val_NME: 0.19722156961990614

2024-01-27 17:40:43,297:INFO: Train_Loss: 15.124872207641602
2024-01-27 17:40:43,297:INFO: Val_Loss: 55.72417449951172
2024-01-27 17:40:43,297:INFO: Val_NME: 0.19745135898759103

2024-01-27 17:42:12,335:INFO: Train_Loss: 15.401666641235352
2024-01-27 17:42:12,335:INFO: Val_Loss: 55.672122955322266
2024-01-27 17:42:12,335:INFO: Val_NME: 0.1971709987613385

2024-01-27 17:43:42,212:INFO: Train_Loss: 15.489089012145996
2024-01-27 17:43:42,212:INFO: Val_Loss: 55.806114196777344
2024-01-27 17:43:42,223:INFO: Val_NME: 0.19775234345856468

2024-01-27 17:45:11,248:INFO: Train_Loss: 15.33105754852295
2024-01-27 17:45:11,248:INFO: Val_Loss: 55.84627151489258
2024-01-27 17:45:11,248:INFO: Val_NME: 0.19784555188732109

2024-01-27 17:46:40,814:INFO: Train_Loss: 15.311319351196289
2024-01-27 17:46:40,814:INFO: Val_Loss: 55.72991180419922
2024-01-27 17:46:40,814:INFO: Val_NME: 0.19742422760465494

2024-01-27 17:48:10,106:INFO: Train_Loss: 15.245176315307617
2024-01-27 17:48:10,106:INFO: Val_Loss: 55.6880989074707
2024-01-27 17:48:10,106:INFO: Val_NME: 0.19731940808424792

2024-01-27 17:49:40,273:INFO: Train_Loss: 15.268349647521973
2024-01-27 17:49:40,273:INFO: Val_Loss: 55.83172607421875
2024-01-27 17:49:40,273:INFO: Val_NME: 0.19784081607395215

2024-01-27 17:51:09,327:INFO: Train_Loss: 15.305384635925293
2024-01-27 17:51:09,327:INFO: Val_Loss: 55.64213562011719
2024-01-27 17:51:09,327:INFO: Val_NME: 0.19719592225857763

2024-01-27 17:52:39,097:INFO: Train_Loss: 15.419379234313965
2024-01-27 17:52:39,097:INFO: Val_Loss: 55.78343963623047
2024-01-27 17:52:39,097:INFO: Val_NME: 0.19759053415713296

2024-01-27 17:54:08,089:INFO: Train_Loss: 15.37546157836914
2024-01-27 17:54:08,089:INFO: Val_Loss: 55.60103988647461
2024-01-27 17:54:08,089:INFO: Val_NME: 0.19695332770380078

2024-01-27 17:55:37,726:INFO: Train_Loss: 15.266389846801758
2024-01-27 17:55:37,726:INFO: Val_Loss: 55.72932052612305
2024-01-27 17:55:37,726:INFO: Val_NME: 0.19746056575637438

2024-01-27 17:57:06,904:INFO: Train_Loss: 15.302414894104004
2024-01-27 17:57:06,904:INFO: Val_Loss: 55.72233963012695
2024-01-27 17:57:06,904:INFO: Val_NME: 0.19741752438602303

2024-01-27 17:58:36,852:INFO: Train_Loss: 15.616019248962402
2024-01-27 17:58:36,852:INFO: Val_Loss: 55.842742919921875
2024-01-27 17:58:36,852:INFO: Val_NME: 0.19780072264305562

2024-01-27 18:00:05,388:INFO: Train_Loss: 15.353747367858887
2024-01-27 18:00:05,388:INFO: Val_Loss: 55.65934753417969
2024-01-27 18:00:05,388:INFO: Val_NME: 0.19717951963361136

2024-01-27 18:01:34,928:INFO: Train_Loss: 15.45659065246582
2024-01-27 18:01:34,928:INFO: Val_Loss: 55.77805709838867
2024-01-27 18:01:34,928:INFO: Val_NME: 0.19764091345674134

2024-01-27 18:03:03,558:INFO: Train_Loss: 15.165340423583984
2024-01-27 18:03:03,558:INFO: Val_Loss: 55.810455322265625
2024-01-27 18:03:03,558:INFO: Val_NME: 0.19771091794404547

2024-01-27 18:04:33,855:INFO: Train_Loss: 15.49207592010498
2024-01-27 18:04:33,855:INFO: Val_Loss: 55.7733268737793
2024-01-27 18:04:33,855:INFO: Val_NME: 0.19775583680862652

2024-01-27 18:06:02,331:INFO: Train_Loss: 15.340648651123047
2024-01-27 18:06:02,331:INFO: Val_Loss: 55.78664016723633
2024-01-27 18:06:02,331:INFO: Val_NME: 0.1976567760383979

2024-01-27 18:07:31,601:INFO: Train_Loss: 15.14163875579834
2024-01-27 18:07:31,601:INFO: Val_Loss: 55.62351989746094
2024-01-27 18:07:31,601:INFO: Val_NME: 0.19709187797867936

2024-01-27 18:09:00,692:INFO: Train_Loss: 15.348586082458496
2024-01-27 18:09:00,692:INFO: Val_Loss: 55.76308059692383
2024-01-27 18:09:00,692:INFO: Val_NME: 0.19748482119336155

2024-01-27 18:10:31,004:INFO: Train_Loss: 15.153125762939453
2024-01-27 18:10:31,004:INFO: Val_Loss: 55.76116180419922
2024-01-27 18:10:31,004:INFO: Val_NME: 0.1975962386605344

2024-01-27 18:11:59,370:INFO: Train_Loss: 15.23060131072998
2024-01-27 18:11:59,370:INFO: Val_Loss: 55.60982131958008
2024-01-27 18:11:59,370:INFO: Val_NME: 0.19704299726084148

2024-01-27 18:13:28,239:INFO: Train_Loss: 15.22237491607666
2024-01-27 18:13:28,239:INFO: Val_Loss: 55.69922637939453
2024-01-27 18:13:28,239:INFO: Val_NME: 0.19736211826870728

2024-01-27 18:14:57,550:INFO: Train_Loss: 15.19433879852295
2024-01-27 18:14:57,550:INFO: Val_Loss: 55.685359954833984
2024-01-27 18:14:57,550:INFO: Val_NME: 0.19722647697356113

2024-01-27 18:16:27,560:INFO: Train_Loss: 15.171304702758789
2024-01-27 18:16:27,560:INFO: Val_Loss: 55.637535095214844
2024-01-27 18:16:27,560:INFO: Val_NME: 0.1972035106279857

2024-01-27 18:17:56,558:INFO: Train_Loss: 15.325325012207031
2024-01-27 18:17:56,558:INFO: Val_Loss: 55.59346008300781
2024-01-27 18:17:56,558:INFO: Val_NME: 0.19694628935502428

2024-01-27 18:19:25,226:INFO: Train_Loss: 15.213418960571289
2024-01-27 18:19:25,226:INFO: Val_Loss: 55.645591735839844
2024-01-27 18:19:25,226:INFO: Val_NME: 0.1971937306061113

2024-01-27 18:20:54,489:INFO: Train_Loss: 15.346906661987305
2024-01-27 18:20:54,489:INFO: Val_Loss: 55.70133972167969
2024-01-27 18:20:54,489:INFO: Val_NME: 0.19727905188838463

2024-01-27 18:22:23,523:INFO: Train_Loss: 15.166078567504883
2024-01-27 18:22:23,523:INFO: Val_Loss: 55.733062744140625
2024-01-27 18:22:23,523:INFO: Val_NME: 0.1974764315329978

2024-01-27 18:23:52,384:INFO: Train_Loss: 15.409573554992676
2024-01-27 18:23:52,384:INFO: Val_Loss: 55.730499267578125
2024-01-27 18:23:52,384:INFO: Val_NME: 0.1974405436326343

2024-01-27 18:25:24,939:INFO: Train_Loss: 15.505301475524902
2024-01-27 18:25:24,939:INFO: Val_Loss: 55.71818923950195
2024-01-27 18:25:24,939:INFO: Val_NME: 0.1975171111110274

2024-01-27 18:26:54,342:INFO: Train_Loss: 15.180728912353516
2024-01-27 18:26:54,342:INFO: Val_Loss: 55.676544189453125
2024-01-27 18:26:54,342:INFO: Val_NME: 0.19735148891025292

2024-01-27 18:28:23,437:INFO: Train_Loss: 15.262237548828125
2024-01-27 18:28:23,437:INFO: Val_Loss: 55.712379455566406
2024-01-27 18:28:23,447:INFO: Val_NME: 0.19733952553269948

2024-01-27 18:29:51,203:INFO: Train_Loss: 15.106363296508789
2024-01-27 18:29:51,203:INFO: Val_Loss: 55.695579528808594
2024-01-27 18:29:51,203:INFO: Val_NME: 0.19732273609387832

2024-01-27 18:31:19,690:INFO: Train_Loss: 15.191760063171387
2024-01-27 18:31:19,690:INFO: Val_Loss: 55.76802444458008
2024-01-27 18:31:19,690:INFO: Val_NME: 0.19749133476846487

2024-01-27 18:32:48,793:INFO: Train_Loss: 15.293208122253418
2024-01-27 18:32:48,793:INFO: Val_Loss: 55.65906524658203
2024-01-27 18:32:48,793:INFO: Val_NME: 0.19716423363742364

2024-01-27 18:34:17,820:INFO: Train_Loss: 15.311653137207031
2024-01-27 18:34:17,820:INFO: Val_Loss: 55.693878173828125
2024-01-27 18:34:17,820:INFO: Val_NME: 0.19735939367586733

2024-01-27 18:35:45,733:INFO: Train_Loss: 15.276930809020996
2024-01-27 18:35:45,733:INFO: Val_Loss: 55.80867385864258
2024-01-27 18:35:45,733:INFO: Val_NME: 0.197740211867645

