2024-01-03 12:21:29,222:INFO: SEED: 2023
2024-01-03 12:21:29,222:INFO: DEVICE: cuda
2024-01-03 12:21:29,222:INFO: GPU_ID: 1
2024-01-03 12:21:29,222:INFO: TRANSFORM: Compose(
    ToTensor()
    Normalize(mean=[0.5, 0.5, 0.5], std=[0.5, 0.5, 0.5])
)
2024-01-03 12:21:29,222:INFO: MODEL_TYPE: PFLD_GhostNet_Slim
2024-01-03 12:21:29,222:INFO: INPUT_SIZE: [112, 112]
2024-01-03 12:21:29,222:INFO: WIDTH_FACTOR: 1
2024-01-03 12:21:29,222:INFO: LANDMARK_NUMBER: 98
2024-01-03 12:21:29,222:INFO: TRAIN_BATCH_SIZE: 32
2024-01-03 12:21:29,222:INFO: VAL_BATCH_SIZE: 8
2024-01-03 12:21:29,222:INFO: TRAIN_DATA_PATH: ./data/min/train_data/list.txt
2024-01-03 12:21:29,222:INFO: VAL_DATA_PATH: ./data/min/test_data/list.txt
2024-01-03 12:21:29,222:INFO: EPOCHES: 80
2024-01-03 12:21:29,222:INFO: LR: 0.0001
2024-01-03 12:21:29,222:INFO: WEIGHT_DECAY: 1e-06
2024-01-03 12:21:29,222:INFO: NUM_WORKERS: 8
2024-01-03 12:21:29,222:INFO: MILESTONES: [55, 65, 75]
2024-01-03 12:21:29,222:INFO: RESUME: False
2024-01-03 12:21:29,222:INFO: MODEL_PATH: ./checkpoint/models/PFLD_GhostNet_Slim_1_112_2024-01-03-12-21/
2024-01-03 12:21:29,222:INFO: LOG_PATH: ./checkpoint/log/PFLD_GhostNet_Slim_1_112_2024-01-03-12-21/
2024-01-03 12:21:29,222:INFO: LOGGER_PATH: ./checkpoint/models/PFLD_GhostNet_Slim_1_112_2024-01-03-12-21/train.log
2024-01-03 12:21:29,222:INFO: 

