2024-01-03 14:31:58,520:INFO: SEED: 2023
2024-01-03 14:31:58,521:INFO: DEVICE: cuda
2024-01-03 14:31:58,521:INFO: GPU_ID: 0
2024-01-03 14:31:58,521:INFO: TRANSFORM: Compose(
    ToTensor()
    Normalize(mean=[0.5, 0.5, 0.5], std=[0.5, 0.5, 0.5])
)
2024-01-03 14:31:58,521:INFO: MODEL_TYPE: PFLD_GhostOne
2024-01-03 14:31:58,521:INFO: INPUT_SIZE: [112, 112]
2024-01-03 14:31:58,521:INFO: WIDTH_FACTOR: 1
2024-01-03 14:31:58,521:INFO: LANDMARK_NUMBER: 98
2024-01-03 14:31:58,521:INFO: TRAIN_BATCH_SIZE: 32
2024-01-03 14:31:58,521:INFO: VAL_BATCH_SIZE: 8
2024-01-03 14:31:58,521:INFO: TRAIN_DATA_PATH: ./data/min/train_data/list.txt
2024-01-03 14:31:58,521:INFO: VAL_DATA_PATH: ./data/min/test_data/list.txt
2024-01-03 14:31:58,521:INFO: EPOCHES: 80
2024-01-03 14:31:58,521:INFO: LR: 0.0001
2024-01-03 14:31:58,521:INFO: WEIGHT_DECAY: 1e-06
2024-01-03 14:31:58,521:INFO: NUM_WORKERS: 8
2024-01-03 14:31:58,521:INFO: MILESTONES: [55, 65, 75]
2024-01-03 14:31:58,521:INFO: RESUME: False
2024-01-03 14:31:58,521:INFO: MODEL_PATH: ./checkpoint/models/PFLD_GhostOne_1_112_2024-01-03-14-31/
2024-01-03 14:31:58,521:INFO: LOG_PATH: ./checkpoint/log/PFLD_GhostOne_1_112_2024-01-03-14-31/
2024-01-03 14:31:58,521:INFO: LOGGER_PATH: ./checkpoint/models/PFLD_GhostOne_1_112_2024-01-03-14-31/train.log
2024-01-03 14:31:58,521:INFO: 

2024-01-03 14:31:58,522:WARNING: =======>>>>>>> Loading Training and Validation Data
2024-01-03 14:31:58,710:WARNING: =======>>>>>>> PFLD_GhostOne Model Generated
2024-01-03 14:31:58,711:WARNING: =======>>>>>>> Loss Function Generated
2024-01-03 14:31:58,713:WARNING: =======>>>>>>> Optimizer Generated
2024-01-03 14:31:58,713:WARNING: =======>>>>>>> Scheduler Generated

2024-01-03 14:32:50,074:INFO: Save best model
2024-01-03 14:32:50,165:INFO: Train_Loss: 405.8042297363281
2024-01-03 14:32:50,166:INFO: Val_Loss: 369.6917724609375
2024-01-03 14:32:50,166:INFO: Val_NME: 1.3943388478807186

2024-01-03 14:33:30,587:INFO: Save best model
2024-01-03 14:33:30,679:INFO: Train_Loss: 307.5727233886719
2024-01-03 14:33:30,679:INFO: Val_Loss: 231.2970733642578
2024-01-03 14:33:30,679:INFO: Val_NME: 0.8708757028124303

2024-01-03 14:34:09,283:INFO: Save best model
2024-01-03 14:34:09,385:INFO: Train_Loss: 244.62350463867188
2024-01-03 14:34:09,385:INFO: Val_Loss: 176.8528289794922
2024-01-03 14:34:09,385:INFO: Val_NME: 0.6493340464744256

2024-01-03 14:34:47,080:INFO: Save best model
2024-01-03 14:34:47,167:INFO: Train_Loss: 200.5492401123047
2024-01-03 14:34:47,167:INFO: Val_Loss: 163.9141845703125
2024-01-03 14:34:47,167:INFO: Val_NME: 0.5927394957749244

2024-01-03 14:35:24,926:INFO: Train_Loss: 171.5841827392578
2024-01-03 14:35:24,927:INFO: Val_Loss: 170.32211303710938
2024-01-03 14:35:24,927:INFO: Val_NME: 0.6161192475708753

2024-01-03 14:36:03,738:INFO: Train_Loss: 152.61358642578125
2024-01-03 14:36:03,738:INFO: Val_Loss: 171.59207153320312
2024-01-03 14:36:03,738:INFO: Val_NME: 0.620345099412908

2024-01-03 14:36:41,669:INFO: Train_Loss: 139.71693420410156
2024-01-03 14:36:41,670:INFO: Val_Loss: 170.05010986328125
2024-01-03 14:36:41,670:INFO: Val_NME: 0.6150572090127449

2024-01-03 14:37:19,848:INFO: Save best model
2024-01-03 14:37:19,958:INFO: Train_Loss: 131.35772705078125
2024-01-03 14:37:19,958:INFO: Val_Loss: 161.64837646484375
2024-01-03 14:37:19,958:INFO: Val_NME: 0.5841893233481223

2024-01-03 14:37:57,826:INFO: Save best model
2024-01-03 14:37:57,923:INFO: Train_Loss: 125.3853530883789
2024-01-03 14:37:57,923:INFO: Val_Loss: 156.58163452148438
2024-01-03 14:37:57,923:INFO: Val_NME: 0.5629118449701953

2024-01-03 14:38:35,724:INFO: Save best model
2024-01-03 14:38:35,819:INFO: Train_Loss: 120.2470703125
2024-01-03 14:38:35,819:INFO: Val_Loss: 151.2772216796875
2024-01-03 14:38:35,819:INFO: Val_NME: 0.5436398890182282

2024-01-03 14:39:15,839:INFO: Save best model
2024-01-03 14:39:15,963:INFO: Train_Loss: 113.99818420410156
2024-01-03 14:39:15,963:INFO: Val_Loss: 142.56442260742188
2024-01-03 14:39:15,963:INFO: Val_NME: 0.5094989567393702

2024-01-03 14:39:54,134:INFO: Save best model
2024-01-03 14:39:54,255:INFO: Train_Loss: 110.928466796875
2024-01-03 14:39:54,255:INFO: Val_Loss: 138.8618621826172
2024-01-03 14:39:54,255:INFO: Val_NME: 0.49612763626397566

2024-01-03 14:40:32,028:INFO: Save best model
2024-01-03 14:40:32,118:INFO: Train_Loss: 108.09202575683594
2024-01-03 14:40:32,118:INFO: Val_Loss: 134.45355224609375
2024-01-03 14:40:32,118:INFO: Val_NME: 0.4805107928116362

2024-01-03 14:41:10,125:INFO: Save best model
2024-01-03 14:41:10,216:INFO: Train_Loss: 103.23443603515625
2024-01-03 14:41:10,216:INFO: Val_Loss: 129.69822692871094
2024-01-03 14:41:10,216:INFO: Val_NME: 0.46226152996165965

2024-01-03 14:41:49,291:INFO: Save best model
2024-01-03 14:41:49,426:INFO: Train_Loss: 101.02134704589844
2024-01-03 14:41:49,426:INFO: Val_Loss: 124.61840057373047
2024-01-03 14:41:49,426:INFO: Val_NME: 0.44315363150242704

2024-01-03 14:42:27,160:INFO: Save best model
2024-01-03 14:42:27,258:INFO: Train_Loss: 97.89218139648438
2024-01-03 14:42:27,258:INFO: Val_Loss: 122.98129272460938
2024-01-03 14:42:27,258:INFO: Val_NME: 0.4376923185504657

2024-01-03 14:43:05,259:INFO: Save best model
2024-01-03 14:43:05,423:INFO: Train_Loss: 94.75862121582031
2024-01-03 14:43:05,423:INFO: Val_Loss: 119.4346694946289
2024-01-03 14:43:05,423:INFO: Val_NME: 0.42497478337965516

2024-01-03 14:43:45,180:INFO: Train_Loss: 92.74488830566406
2024-01-03 14:43:45,180:INFO: Val_Loss: 120.52477264404297
2024-01-03 14:43:45,180:INFO: Val_NME: 0.4289544857959062

2024-01-03 14:44:24,887:INFO: Save best model
2024-01-03 14:44:25,040:INFO: Train_Loss: 92.90208435058594
2024-01-03 14:44:25,040:INFO: Val_Loss: 117.5414047241211
2024-01-03 14:44:25,040:INFO: Val_NME: 0.4171864583307216

2024-01-03 14:45:04,197:INFO: Save best model
2024-01-03 14:45:04,293:INFO: Train_Loss: 89.63442993164062
2024-01-03 14:45:04,293:INFO: Val_Loss: 113.97437286376953
2024-01-03 14:45:04,293:INFO: Val_NME: 0.4036533094098073

2024-01-03 14:45:42,550:INFO: Save best model
2024-01-03 14:45:42,698:INFO: Train_Loss: 85.9354476928711
2024-01-03 14:45:42,698:INFO: Val_Loss: 113.61738586425781
2024-01-03 14:45:42,698:INFO: Val_NME: 0.40295039569166824

2024-01-03 14:46:22,339:INFO: Save best model
2024-01-03 14:46:22,432:INFO: Train_Loss: 82.95967102050781
2024-01-03 14:46:22,432:INFO: Val_Loss: 110.53634643554688
2024-01-03 14:46:22,432:INFO: Val_NME: 0.39140986372616454

2024-01-03 14:47:03,012:INFO: Save best model
2024-01-03 14:47:03,153:INFO: Train_Loss: 81.63038635253906
2024-01-03 14:47:03,153:INFO: Val_Loss: 108.0000991821289
2024-01-03 14:47:03,153:INFO: Val_NME: 0.3825077706434361

2024-01-03 14:47:41,504:INFO: Save best model
2024-01-03 14:47:41,593:INFO: Train_Loss: 78.51728820800781
2024-01-03 14:47:41,593:INFO: Val_Loss: 104.98051452636719
2024-01-03 14:47:41,593:INFO: Val_NME: 0.37189699725442055

2024-01-03 14:48:19,619:INFO: Train_Loss: 77.43306732177734
2024-01-03 14:48:19,619:INFO: Val_Loss: 107.53490447998047
2024-01-03 14:48:19,619:INFO: Val_NME: 0.3801522221082662

2024-01-03 14:48:57,607:INFO: Train_Loss: 74.82951354980469
2024-01-03 14:48:57,607:INFO: Val_Loss: 105.76311492919922
2024-01-03 14:48:57,607:INFO: Val_NME: 0.37380984226691316

2024-01-03 14:49:35,033:INFO: Save best model
2024-01-03 14:49:35,122:INFO: Train_Loss: 71.00777435302734
2024-01-03 14:49:35,122:INFO: Val_Loss: 102.90538024902344
2024-01-03 14:49:35,122:INFO: Val_NME: 0.36396324133268054

2024-01-03 14:50:12,395:INFO: Save best model
2024-01-03 14:50:12,547:INFO: Train_Loss: 70.0911636352539
2024-01-03 14:50:12,547:INFO: Val_Loss: 102.74103546142578
2024-01-03 14:50:12,547:INFO: Val_NME: 0.36306356166894205

2024-01-03 14:50:49,877:INFO: Save best model
2024-01-03 14:50:49,979:INFO: Train_Loss: 68.69743347167969
2024-01-03 14:50:49,979:INFO: Val_Loss: 100.17399597167969
2024-01-03 14:50:49,979:INFO: Val_NME: 0.3541363127809549

2024-01-03 14:51:28,723:INFO: Train_Loss: 65.81101989746094
2024-01-03 14:51:28,723:INFO: Val_Loss: 101.7389907836914
2024-01-03 14:51:28,723:INFO: Val_NME: 0.35878805985177825

2024-01-03 14:52:09,208:INFO: Save best model
2024-01-03 14:52:09,302:INFO: Train_Loss: 65.9189682006836
2024-01-03 14:52:09,302:INFO: Val_Loss: 98.60497283935547
2024-01-03 14:52:09,302:INFO: Val_NME: 0.3475261108885392

2024-01-03 14:52:47,919:INFO: Save best model
2024-01-03 14:52:48,007:INFO: Train_Loss: 64.8115234375
2024-01-03 14:52:48,007:INFO: Val_Loss: 96.76810455322266
2024-01-03 14:52:48,008:INFO: Val_NME: 0.3407523620696257

2024-01-03 14:53:26,052:INFO: Train_Loss: 62.50864791870117
2024-01-03 14:53:26,052:INFO: Val_Loss: 97.13597869873047
2024-01-03 14:53:26,052:INFO: Val_NME: 0.34209794055925147

2024-01-03 14:54:03,734:INFO: Save best model
2024-01-03 14:54:03,823:INFO: Train_Loss: 60.87819290161133
2024-01-03 14:54:03,823:INFO: Val_Loss: 96.31733703613281
2024-01-03 14:54:03,823:INFO: Val_NME: 0.33964424801271065

2024-01-03 14:54:42,184:INFO: Save best model
2024-01-03 14:54:42,334:INFO: Train_Loss: 58.839515686035156
2024-01-03 14:54:42,334:INFO: Val_Loss: 93.50617218017578
2024-01-03 14:54:42,334:INFO: Val_NME: 0.3293172835411806

2024-01-03 14:55:20,859:INFO: Train_Loss: 59.09687423706055
2024-01-03 14:55:20,859:INFO: Val_Loss: 96.17605590820312
2024-01-03 14:55:20,859:INFO: Val_NME: 0.33975229680269897

2024-01-03 14:55:59,267:INFO: Save best model
2024-01-03 14:55:59,360:INFO: Train_Loss: 57.49454879760742
2024-01-03 14:55:59,360:INFO: Val_Loss: 92.54679870605469
2024-01-03 14:55:59,360:INFO: Val_NME: 0.3257866471620989

2024-01-03 14:56:37,495:INFO: Save best model
2024-01-03 14:56:37,583:INFO: Train_Loss: 55.934165954589844
2024-01-03 14:56:37,583:INFO: Val_Loss: 91.26997375488281
2024-01-03 14:56:37,583:INFO: Val_NME: 0.32101504349243265

2024-01-03 14:57:16,429:INFO: Train_Loss: 54.66149139404297
2024-01-03 14:57:16,429:INFO: Val_Loss: 91.3332290649414
2024-01-03 14:57:16,429:INFO: Val_NME: 0.3216118157669902

2024-01-03 14:57:55,427:INFO: Train_Loss: 53.062767028808594
2024-01-03 14:57:55,427:INFO: Val_Loss: 93.19096374511719
2024-01-03 14:57:55,427:INFO: Val_NME: 0.3292261804735405

2024-01-03 14:58:34,445:INFO: Train_Loss: 53.89129638671875
2024-01-03 14:58:34,445:INFO: Val_Loss: 96.5118179321289
2024-01-03 14:58:34,446:INFO: Val_NME: 0.34247019420102176

2024-01-03 14:59:11,828:INFO: Train_Loss: 55.529754638671875
2024-01-03 14:59:11,829:INFO: Val_Loss: 91.22181701660156
2024-01-03 14:59:11,829:INFO: Val_NME: 0.32266166068144203

2024-01-03 14:59:49,653:INFO: Train_Loss: 54.339683532714844
2024-01-03 14:59:49,654:INFO: Val_Loss: 93.14171600341797
2024-01-03 14:59:49,654:INFO: Val_NME: 0.3280038986671368

2024-01-03 15:00:27,809:INFO: Train_Loss: 56.018150329589844
2024-01-03 15:00:27,809:INFO: Val_Loss: 95.15219116210938
2024-01-03 15:00:27,809:INFO: Val_NME: 0.3353289051816903

2024-01-03 15:01:06,629:INFO: Save best model
2024-01-03 15:01:06,721:INFO: Train_Loss: 52.29994583129883
2024-01-03 15:01:06,721:INFO: Val_Loss: 88.52694702148438
2024-01-03 15:01:06,721:INFO: Val_NME: 0.311629070425951

2024-01-03 15:01:44,645:INFO: Train_Loss: 50.833160400390625
2024-01-03 15:01:44,645:INFO: Val_Loss: 94.41703033447266
2024-01-03 15:01:44,645:INFO: Val_NME: 0.33399926704192184

2024-01-03 15:02:24,798:INFO: Save best model
2024-01-03 15:02:24,889:INFO: Train_Loss: 49.77666473388672
2024-01-03 15:02:24,889:INFO: Val_Loss: 86.2683334350586
2024-01-03 15:02:24,889:INFO: Val_NME: 0.3036265474260502

2024-01-03 15:03:02,524:INFO: Train_Loss: 50.266082763671875
2024-01-03 15:03:02,524:INFO: Val_Loss: 91.50572967529297
2024-01-03 15:03:02,524:INFO: Val_NME: 0.3222714611664682

2024-01-03 15:03:42,377:INFO: Train_Loss: 48.05774688720703
2024-01-03 15:03:42,377:INFO: Val_Loss: 87.06012725830078
2024-01-03 15:03:42,377:INFO: Val_NME: 0.3057619071107125

2024-01-03 15:04:22,110:INFO: Save best model
2024-01-03 15:04:22,201:INFO: Train_Loss: 47.56727981567383
2024-01-03 15:04:22,201:INFO: Val_Loss: 83.55941772460938
2024-01-03 15:04:22,201:INFO: Val_NME: 0.29399084900329514

2024-01-03 15:05:01,794:INFO: Train_Loss: 47.25020980834961
2024-01-03 15:05:01,794:INFO: Val_Loss: 86.46765899658203
2024-01-03 15:05:01,794:INFO: Val_NME: 0.3049538664746

2024-01-03 15:05:40,865:INFO: Save best model
2024-01-03 15:05:40,964:INFO: Train_Loss: 46.78374481201172
2024-01-03 15:05:40,965:INFO: Val_Loss: 82.0523452758789
2024-01-03 15:05:40,965:INFO: Val_NME: 0.2891686841432773

2024-01-03 15:06:19,301:INFO: Train_Loss: 45.366615295410156
2024-01-03 15:06:19,301:INFO: Val_Loss: 84.59346771240234
2024-01-03 15:06:19,301:INFO: Val_NME: 0.29829919209084127

2024-01-03 15:06:57,066:INFO: Train_Loss: 45.674747467041016
2024-01-03 15:06:57,066:INFO: Val_Loss: 83.77726745605469
2024-01-03 15:06:57,066:INFO: Val_NME: 0.2949426773581276

2024-01-03 15:07:34,415:INFO: Train_Loss: 43.02532958984375
2024-01-03 15:07:34,415:INFO: Val_Loss: 83.40261840820312
2024-01-03 15:07:34,415:INFO: Val_NME: 0.29315734798605125

2024-01-03 15:08:11,857:INFO: Save best model
2024-01-03 15:08:11,995:INFO: Train_Loss: 41.32931900024414
2024-01-03 15:08:11,995:INFO: Val_Loss: 80.11634063720703
2024-01-03 15:08:11,995:INFO: Val_NME: 0.28199798368689416

2024-01-03 15:08:49,880:INFO: Save best model
2024-01-03 15:08:49,967:INFO: Train_Loss: 39.1064338684082
2024-01-03 15:08:49,967:INFO: Val_Loss: 79.73922729492188
2024-01-03 15:08:49,967:INFO: Val_NME: 0.2810453254885208

2024-01-03 15:09:28,079:INFO: Train_Loss: 41.461753845214844
2024-01-03 15:09:28,080:INFO: Val_Loss: 80.03850555419922
2024-01-03 15:09:28,080:INFO: Val_NME: 0.2817417518250612

2024-01-03 15:10:06,070:INFO: Save best model
2024-01-03 15:10:06,165:INFO: Train_Loss: 40.767208099365234
2024-01-03 15:10:06,166:INFO: Val_Loss: 79.45157623291016
2024-01-03 15:10:06,166:INFO: Val_NME: 0.27967053031466865

2024-01-03 15:10:43,990:INFO: Save best model
2024-01-03 15:10:44,082:INFO: Train_Loss: 39.83242416381836
2024-01-03 15:10:44,082:INFO: Val_Loss: 79.30662536621094
2024-01-03 15:10:44,082:INFO: Val_NME: 0.27941874623882385

2024-01-03 15:11:21,979:INFO: Save best model
2024-01-03 15:11:22,116:INFO: Train_Loss: 37.81426239013672
2024-01-03 15:11:22,116:INFO: Val_Loss: 79.23914337158203
2024-01-03 15:11:22,116:INFO: Val_NME: 0.27905759576362327

2024-01-03 15:11:59,937:INFO: Save best model
2024-01-03 15:12:00,041:INFO: Train_Loss: 40.25861740112305
2024-01-03 15:12:00,041:INFO: Val_Loss: 78.22625732421875
2024-01-03 15:12:00,041:INFO: Val_NME: 0.27569098395639585

2024-01-03 15:12:37,769:INFO: Train_Loss: 40.182579040527344
2024-01-03 15:12:37,769:INFO: Val_Loss: 78.72206115722656
2024-01-03 15:12:37,769:INFO: Val_NME: 0.27727863383019774

2024-01-03 15:13:16,153:INFO: Train_Loss: 38.446014404296875
2024-01-03 15:13:16,154:INFO: Val_Loss: 78.7362060546875
2024-01-03 15:13:16,154:INFO: Val_NME: 0.27732636041350334

2024-01-03 15:13:54,177:INFO: Train_Loss: 38.21043395996094
2024-01-03 15:13:54,177:INFO: Val_Loss: 78.29576873779297
2024-01-03 15:13:54,177:INFO: Val_NME: 0.2758982752005903

2024-01-03 15:14:32,816:INFO: Train_Loss: 38.09795379638672
2024-01-03 15:14:32,816:INFO: Val_Loss: 78.28022766113281
2024-01-03 15:14:32,816:INFO: Val_NME: 0.2760111265228776

2024-01-03 15:15:11,614:INFO: Train_Loss: 39.72590255737305
2024-01-03 15:15:11,614:INFO: Val_Loss: 78.23471069335938
2024-01-03 15:15:11,614:INFO: Val_NME: 0.27582840632433525

2024-01-03 15:15:50,696:INFO: Train_Loss: 39.644203186035156
2024-01-03 15:15:50,696:INFO: Val_Loss: 78.8650894165039
2024-01-03 15:15:50,696:INFO: Val_NME: 0.27792233175353404

2024-01-03 15:16:28,069:INFO: Save best model
2024-01-03 15:16:28,163:INFO: Train_Loss: 38.473663330078125
2024-01-03 15:16:28,163:INFO: Val_Loss: 77.34041595458984
2024-01-03 15:16:28,163:INFO: Val_NME: 0.2726951734126965

2024-01-03 15:17:05,824:INFO: Train_Loss: 38.34172058105469
2024-01-03 15:17:05,824:INFO: Val_Loss: 78.38541412353516
2024-01-03 15:17:05,824:INFO: Val_NME: 0.276443522946469

2024-01-03 15:17:43,405:INFO: Train_Loss: 38.88761901855469
2024-01-03 15:17:43,405:INFO: Val_Loss: 77.74988555908203
2024-01-03 15:17:43,405:INFO: Val_NME: 0.2741014892422212

2024-01-03 15:18:20,500:INFO: Train_Loss: 39.485145568847656
2024-01-03 15:18:20,500:INFO: Val_Loss: 79.1551742553711
2024-01-03 15:18:20,500:INFO: Val_NME: 0.27897079233119854

2024-01-03 15:18:58,217:INFO: Train_Loss: 38.05133056640625
2024-01-03 15:18:58,217:INFO: Val_Loss: 78.2065658569336
2024-01-03 15:18:58,217:INFO: Val_NME: 0.2756558736476896

2024-01-03 15:19:35,230:INFO: Train_Loss: 38.03667449951172
2024-01-03 15:19:35,234:INFO: Val_Loss: 78.42008972167969
2024-01-03 15:19:35,234:INFO: Val_NME: 0.27635467965724464

2024-01-03 15:20:12,575:INFO: Train_Loss: 37.86442565917969
2024-01-03 15:20:12,575:INFO: Val_Loss: 78.89326477050781
2024-01-03 15:20:12,575:INFO: Val_NME: 0.2778578038459249

2024-01-03 15:20:50,384:INFO: Train_Loss: 38.22270965576172
2024-01-03 15:20:50,384:INFO: Val_Loss: 78.81652069091797
2024-01-03 15:20:50,384:INFO: Val_NME: 0.2776719334407282

2024-01-03 15:21:27,966:INFO: Train_Loss: 40.587066650390625
2024-01-03 15:21:27,966:INFO: Val_Loss: 78.98786163330078
2024-01-03 15:21:27,966:INFO: Val_NME: 0.27824784233605376

2024-01-03 15:22:05,550:INFO: Train_Loss: 38.85239791870117
2024-01-03 15:22:05,550:INFO: Val_Loss: 78.85462951660156
2024-01-03 15:22:05,550:INFO: Val_NME: 0.27776251719794426

2024-01-03 15:22:43,210:INFO: Train_Loss: 38.75716018676758
2024-01-03 15:22:43,210:INFO: Val_Loss: 78.75373840332031
2024-01-03 15:22:43,210:INFO: Val_NME: 0.2775652437595772

2024-01-03 15:23:20,558:INFO: Train_Loss: 38.771873474121094
2024-01-03 15:23:20,558:INFO: Val_Loss: 78.18719482421875
2024-01-03 15:23:20,558:INFO: Val_NME: 0.275365637168709

