2024-01-03 12:25:19,606:INFO: SEED: 2023
2024-01-03 12:25:19,606:INFO: DEVICE: cuda
2024-01-03 12:25:19,606:INFO: GPU_ID: 0
2024-01-03 12:25:19,606:INFO: TRANSFORM: Compose(
    ToTensor()
    Normalize(mean=[0.5, 0.5, 0.5], std=[0.5, 0.5, 0.5])
)
2024-01-03 12:25:19,606:INFO: MODEL_TYPE: PFLD_GhostOne
2024-01-03 12:25:19,606:INFO: INPUT_SIZE: [112, 112]
2024-01-03 12:25:19,606:INFO: WIDTH_FACTOR: 1
2024-01-03 12:25:19,606:INFO: LANDMARK_NUMBER: 98
2024-01-03 12:25:19,606:INFO: TRAIN_BATCH_SIZE: 32
2024-01-03 12:25:19,607:INFO: VAL_BATCH_SIZE: 8
2024-01-03 12:25:19,607:INFO: TRAIN_DATA_PATH: ./data/min/train_data/list.txt
2024-01-03 12:25:19,607:INFO: VAL_DATA_PATH: ./data/min/test_data/list.txt
2024-01-03 12:25:19,607:INFO: EPOCHES: 80
2024-01-03 12:25:19,607:INFO: LR: 0.0001
2024-01-03 12:25:19,607:INFO: WEIGHT_DECAY: 1e-06
2024-01-03 12:25:19,607:INFO: NUM_WORKERS: 8
2024-01-03 12:25:19,607:INFO: MILESTONES: [55, 65, 75]
2024-01-03 12:25:19,607:INFO: RESUME: False
2024-01-03 12:25:19,607:INFO: MODEL_PATH: ./checkpoint/models/PFLD_GhostOne_1_112_2024-01-03-12-25/
2024-01-03 12:25:19,607:INFO: LOG_PATH: ./checkpoint/log/PFLD_GhostOne_1_112_2024-01-03-12-25/
2024-01-03 12:25:19,607:INFO: LOGGER_PATH: ./checkpoint/models/PFLD_GhostOne_1_112_2024-01-03-12-25/train.log
2024-01-03 12:25:19,607:INFO: 

2024-01-03 12:25:19,609:WARNING: =======>>>>>>> Loading Training and Validation Data
2024-01-03 12:25:19,773:WARNING: =======>>>>>>> PFLD_GhostOne Model Generated
2024-01-03 12:25:19,773:WARNING: =======>>>>>>> Loss Function Generated
2024-01-03 12:25:19,776:WARNING: =======>>>>>>> Optimizer Generated
2024-01-03 12:25:19,776:WARNING: =======>>>>>>> Scheduler Generated

2024-01-03 12:26:08,506:INFO: Save best model
2024-01-03 12:26:08,605:INFO: Train_Loss: 405.854248046875
2024-01-03 12:26:08,605:INFO: Val_Loss: 373.07501220703125
2024-01-03 12:26:08,605:INFO: Val_NME: 1.4102221083195312

2024-01-03 12:26:48,521:INFO: Save best model
2024-01-03 12:26:48,618:INFO: Train_Loss: 307.78857421875
2024-01-03 12:26:48,618:INFO: Val_Loss: 236.95321655273438
2024-01-03 12:26:48,618:INFO: Val_NME: 0.8938899053565543

2024-01-03 12:27:28,454:INFO: Save best model
2024-01-03 12:27:28,575:INFO: Train_Loss: 245.22543334960938
2024-01-03 12:27:28,576:INFO: Val_Loss: 179.2930145263672
2024-01-03 12:27:28,576:INFO: Val_NME: 0.6622460141784599

2024-01-03 12:28:08,366:INFO: Save best model
2024-01-03 12:28:08,460:INFO: Train_Loss: 200.586669921875
2024-01-03 12:28:08,460:INFO: Val_Loss: 165.10719299316406
2024-01-03 12:28:08,460:INFO: Val_NME: 0.5983759185324726

2024-01-03 12:28:47,719:INFO: Train_Loss: 171.45993041992188
2024-01-03 12:28:47,719:INFO: Val_Loss: 169.56515502929688
2024-01-03 12:28:47,719:INFO: Val_NME: 0.6135612708429131

2024-01-03 12:29:27,095:INFO: Train_Loss: 153.28282165527344
2024-01-03 12:29:27,095:INFO: Val_Loss: 171.0666961669922
2024-01-03 12:29:27,095:INFO: Val_NME: 0.6188486672207684

