2024-01-03 12:07:46,089:INFO: SEED: 2023
2024-01-03 12:07:46,089:INFO: DEVICE: cuda
2024-01-03 12:07:46,089:INFO: GPU_ID: 0
2024-01-03 12:07:46,089:INFO: TRANSFORM: Compose(
    ToTensor()
    Normalize(mean=[0.5, 0.5, 0.5], std=[0.5, 0.5, 0.5])
)
2024-01-03 12:07:46,089:INFO: MODEL_TYPE: PFLD_GhostNet_Slim
2024-01-03 12:07:46,089:INFO: INPUT_SIZE: [112, 112]
2024-01-03 12:07:46,089:INFO: WIDTH_FACTOR: 1
2024-01-03 12:07:46,089:INFO: LANDMARK_NUMBER: 98
2024-01-03 12:07:46,089:INFO: TRAIN_BATCH_SIZE: 32
2024-01-03 12:07:46,089:INFO: VAL_BATCH_SIZE: 8
2024-01-03 12:07:46,089:INFO: TRAIN_DATA_PATH: ./data/min/train_data/list.txt
2024-01-03 12:07:46,089:INFO: VAL_DATA_PATH: ./data/min/test_data/list.txt
2024-01-03 12:07:46,089:INFO: EPOCHES: 80
2024-01-03 12:07:46,090:INFO: LR: 0.0001
2024-01-03 12:07:46,090:INFO: WEIGHT_DECAY: 1e-06
2024-01-03 12:07:46,090:INFO: NUM_WORKERS: 8
2024-01-03 12:07:46,090:INFO: MILESTONES: [55, 65, 75]
2024-01-03 12:07:46,090:INFO: RESUME: False
2024-01-03 12:07:46,090:INFO: MODEL_PATH: ./checkpoint/models/PFLD_GhostNet_Slim_1_112_2024-01-03-12-07/
2024-01-03 12:07:46,090:INFO: LOG_PATH: ./checkpoint/log/PFLD_GhostNet_Slim_1_112_2024-01-03-12-07/
2024-01-03 12:07:46,090:INFO: LOGGER_PATH: ./checkpoint/models/PFLD_GhostNet_Slim_1_112_2024-01-03-12-07/train.log
2024-01-03 12:07:46,090:INFO: 

2024-01-03 12:07:46,091:WARNING: =======>>>>>>> Loading Training and Validation Data
2024-01-03 12:07:46,191:WARNING: =======>>>>>>> PFLD_GhostNet_Slim Model Generated
2024-01-03 12:07:46,191:WARNING: =======>>>>>>> Loss Function Generated
2024-01-03 12:07:46,192:WARNING: =======>>>>>>> Optimizer Generated
2024-01-03 12:07:46,192:WARNING: =======>>>>>>> Scheduler Generated

2024-01-03 12:08:30,950:INFO: Save best model
2024-01-03 12:08:30,970:INFO: Train_Loss: 388.77630615234375
2024-01-03 12:08:30,970:INFO: Val_Loss: 386.1371765136719
2024-01-03 12:08:30,970:INFO: Val_NME: 1.41529870691526

2024-01-03 12:09:08,991:INFO: Save best model
2024-01-03 12:09:09,009:INFO: Train_Loss: 316.591796875
2024-01-03 12:09:09,009:INFO: Val_Loss: 319.2672119140625
2024-01-03 12:09:09,009:INFO: Val_NME: 1.2089495116694862

2024-01-03 12:09:46,648:INFO: Save best model
2024-01-03 12:09:46,669:INFO: Train_Loss: 242.6807403564453
2024-01-03 12:09:46,669:INFO: Val_Loss: 220.93670654296875
2024-01-03 12:09:46,669:INFO: Val_NME: 0.8363642079093236

2024-01-03 12:10:24,014:INFO: Save best model
2024-01-03 12:10:24,035:INFO: Train_Loss: 180.8877410888672
2024-01-03 12:10:24,035:INFO: Val_Loss: 155.7183074951172
2024-01-03 12:10:24,037:INFO: Val_NME: 0.5732992588620358

2024-01-03 12:11:01,567:INFO: Save best model
2024-01-03 12:11:01,587:INFO: Train_Loss: 140.71487426757812
2024-01-03 12:11:01,587:INFO: Val_Loss: 131.1384735107422
2024-01-03 12:11:01,587:INFO: Val_NME: 0.47362645761132016

2024-01-03 12:11:39,564:INFO: Save best model
2024-01-03 12:11:39,584:INFO: Train_Loss: 116.99922943115234
2024-01-03 12:11:39,584:INFO: Val_Loss: 124.32195281982422
2024-01-03 12:11:39,584:INFO: Val_NME: 0.4432393627456826

2024-01-03 12:12:17,149:INFO: Save best model
2024-01-03 12:12:17,174:INFO: Train_Loss: 103.357666015625
2024-01-03 12:12:17,174:INFO: Val_Loss: 121.90450286865234
2024-01-03 12:12:17,174:INFO: Val_NME: 0.43254934154303065

2024-01-03 12:12:54,744:INFO: Save best model
2024-01-03 12:12:54,764:INFO: Train_Loss: 96.17131042480469
2024-01-03 12:12:54,764:INFO: Val_Loss: 118.5886459350586
2024-01-03 12:12:54,764:INFO: Val_NME: 0.4198174295118601

2024-01-03 12:13:32,789:INFO: Save best model
2024-01-03 12:13:32,807:INFO: Train_Loss: 88.9697265625
2024-01-03 12:13:32,807:INFO: Val_Loss: 115.03266906738281
2024-01-03 12:13:32,807:INFO: Val_NME: 0.40668774658009726

2024-01-03 12:14:10,923:INFO: Save best model
2024-01-03 12:14:10,941:INFO: Train_Loss: 86.43101501464844
2024-01-03 12:14:10,941:INFO: Val_Loss: 113.2931137084961
2024-01-03 12:14:10,941:INFO: Val_NME: 0.3994559949249552

2024-01-03 12:14:49,525:INFO: Save best model
2024-01-03 12:14:49,548:INFO: Train_Loss: 80.98237609863281
2024-01-03 12:14:49,550:INFO: Val_Loss: 111.24913024902344
2024-01-03 12:14:49,550:INFO: Val_NME: 0.3924589078813604

2024-01-03 12:15:28,094:INFO: Save best model
2024-01-03 12:15:28,113:INFO: Train_Loss: 77.52315521240234
2024-01-03 12:15:28,113:INFO: Val_Loss: 110.48030090332031
2024-01-03 12:15:28,113:INFO: Val_NME: 0.38912436492107977

2024-01-03 12:16:06,085:INFO: Save best model
2024-01-03 12:16:06,103:INFO: Train_Loss: 73.33438110351562
2024-01-03 12:16:06,103:INFO: Val_Loss: 108.9924545288086
2024-01-03 12:16:06,103:INFO: Val_NME: 0.3841782591851657

2024-01-03 12:16:43,877:INFO: Save best model
2024-01-03 12:16:43,897:INFO: Train_Loss: 70.362548828125
2024-01-03 12:16:43,897:INFO: Val_Loss: 107.26830291748047
2024-01-03 12:16:43,897:INFO: Val_NME: 0.3778243657642206

2024-01-03 12:17:22,314:INFO: Train_Loss: 67.44569396972656
2024-01-03 12:17:22,314:INFO: Val_Loss: 107.53158569335938
2024-01-03 12:17:22,314:INFO: Val_NME: 0.3792094872171983

2024-01-03 12:18:00,856:INFO: Save best model
2024-01-03 12:18:00,873:INFO: Train_Loss: 63.85056686401367
2024-01-03 12:18:00,873:INFO: Val_Loss: 106.02761840820312
2024-01-03 12:18:00,873:INFO: Val_NME: 0.37257428927453395

2024-01-03 12:18:39,349:INFO: Train_Loss: 61.4457893371582
2024-01-03 12:18:39,349:INFO: Val_Loss: 105.89508056640625
2024-01-03 12:18:39,349:INFO: Val_NME: 0.3730678858954171

2024-01-03 12:19:17,910:INFO: Save best model
2024-01-03 12:19:17,935:INFO: Train_Loss: 58.7218017578125
2024-01-03 12:19:17,935:INFO: Val_Loss: 104.69563293457031
2024-01-03 12:19:17,935:INFO: Val_NME: 0.36842547791938

2024-01-03 12:19:56,597:INFO: Train_Loss: 56.19367218017578
2024-01-03 12:19:56,597:INFO: Val_Loss: 105.07135009765625
2024-01-03 12:19:56,597:INFO: Val_NME: 0.37008369310519357

2024-01-03 12:20:36,461:INFO: Save best model
2024-01-03 12:20:36,483:INFO: Train_Loss: 54.11742401123047
2024-01-03 12:20:36,484:INFO: Val_Loss: 103.5580062866211
2024-01-03 12:20:36,484:INFO: Val_NME: 0.36480700280586015

2024-01-03 12:21:14,808:INFO: Save best model
2024-01-03 12:21:14,827:INFO: Train_Loss: 52.051483154296875
2024-01-03 12:21:14,827:INFO: Val_Loss: 103.039794921875
2024-01-03 12:21:14,827:INFO: Val_NME: 0.36310676033050954

