2024-01-03 12:03:50,181:INFO: SEED: 2023
2024-01-03 12:03:50,181:INFO: DEVICE: cuda
2024-01-03 12:03:50,181:INFO: GPU_ID: 0
2024-01-03 12:03:50,181:INFO: TRANSFORM: Compose(
    ToTensor()
    Normalize(mean=[0.5, 0.5, 0.5], std=[0.5, 0.5, 0.5])
)
2024-01-03 12:03:50,181:INFO: MODEL_TYPE: PFLD_GhostNet_Slim
2024-01-03 12:03:50,181:INFO: INPUT_SIZE: [112, 112]
2024-01-03 12:03:50,181:INFO: WIDTH_FACTOR: 1
2024-01-03 12:03:50,181:INFO: LANDMARK_NUMBER: 98
2024-01-03 12:03:50,181:INFO: TRAIN_BATCH_SIZE: 32
2024-01-03 12:03:50,181:INFO: VAL_BATCH_SIZE: 8
2024-01-03 12:03:50,181:INFO: TRAIN_DATA_PATH: ./data/min/train_data/list.txt
2024-01-03 12:03:50,181:INFO: VAL_DATA_PATH: ./data/min/test_data/list.txt
2024-01-03 12:03:50,181:INFO: EPOCHES: 80
2024-01-03 12:03:50,190:INFO: LR: 0.0001
2024-01-03 12:03:50,190:INFO: WEIGHT_DECAY: 1e-06
2024-01-03 12:03:50,190:INFO: NUM_WORKERS: 8
2024-01-03 12:03:50,190:INFO: MILESTONES: [55, 65, 75]
2024-01-03 12:03:50,190:INFO: RESUME: False
2024-01-03 12:03:50,190:INFO: MODEL_PATH: ./checkpoint/models/PFLD_GhostNet_Slim_1_112_2024-01-03-12-03/
2024-01-03 12:03:50,190:INFO: LOG_PATH: ./checkpoint/log/PFLD_GhostNet_Slim_1_112_2024-01-03-12-03/
2024-01-03 12:03:50,190:INFO: LOGGER_PATH: ./checkpoint/models/PFLD_GhostNet_Slim_1_112_2024-01-03-12-03/train.log
2024-01-03 12:03:50,190:INFO: 

2024-01-03 12:03:50,191:WARNING: =======>>>>>>> Loading Training and Validation Data
2024-01-03 12:03:50,375:WARNING: =======>>>>>>> PFLD_GhostNet_Slim Model Generated
2024-01-03 12:03:50,375:WARNING: =======>>>>>>> Loss Function Generated
2024-01-03 12:03:50,376:WARNING: =======>>>>>>> Optimizer Generated
2024-01-03 12:03:50,376:WARNING: =======>>>>>>> Scheduler Generated

2024-01-03 12:04:42,752:INFO: Save best model
2024-01-03 12:04:42,772:INFO: Train_Loss: 388.7781066894531
2024-01-03 12:04:42,772:INFO: Val_Loss: 386.0995788574219
2024-01-03 12:04:42,772:INFO: Val_NME: 1.415122085358989

2024-01-03 12:05:20,699:INFO: Save best model
2024-01-03 12:05:20,726:INFO: Train_Loss: 316.66729736328125
2024-01-03 12:05:20,726:INFO: Val_Loss: 319.1246643066406
2024-01-03 12:05:20,726:INFO: Val_NME: 1.2081638675687714

2024-01-03 12:05:59,274:INFO: Save best model
2024-01-03 12:05:59,291:INFO: Train_Loss: 242.7515106201172
2024-01-03 12:05:59,292:INFO: Val_Loss: 221.1897430419922
2024-01-03 12:05:59,292:INFO: Val_NME: 0.8373009507847455

2024-01-03 12:06:37,296:INFO: Save best model
2024-01-03 12:06:37,321:INFO: Train_Loss: 180.85781860351562
2024-01-03 12:06:37,322:INFO: Val_Loss: 156.02732849121094
2024-01-03 12:06:37,322:INFO: Val_NME: 0.5746033483206034

2024-01-03 12:07:16,671:INFO: Save best model
2024-01-03 12:07:16,689:INFO: Train_Loss: 140.7927703857422
2024-01-03 12:07:16,689:INFO: Val_Loss: 131.25079345703125
2024-01-03 12:07:16,689:INFO: Val_NME: 0.4739967707623947

